{"numFailedTestSuites":0,"numFailedTests":0,"numPassedTestSuites":11,"numPassedTests":28,"numPendingTestSuites":0,"numPendingTests":0,"numRuntimeErrorTestSuites":0,"numTodoTests":0,"numTotalTestSuites":11,"numTotalTests":28,"openHandles":[],"snapshot":{"added":0,"didUpdate":false,"failure":false,"filesAdded":0,"filesRemoved":0,"filesRemovedList":[],"filesUnmatched":0,"filesUpdated":0,"matched":0,"total":0,"unchecked":0,"uncheckedKeysByFile":[],"unmatched":0,"updated":0},"startTime":1760562413435,"success":true,"testResults":[{"assertionResults":[{"ancestorTitles":["GovernmentAPI additional unit tests"],"duration":30,"failureDetails":[],"failureMessages":[],"fullName":"GovernmentAPI additional unit tests getDeputadosAtuais maps response to simplified objects","invocations":1,"location":null,"numPassingAsserts":3,"retryReasons":[],"status":"passed","title":"getDeputadosAtuais maps response to simplified objects"},{"ancestorTitles":["GovernmentAPI additional unit tests"],"duration":2,"failureDetails":[],"failureMessages":[],"fullName":"GovernmentAPI additional unit tests getDeputado returns detailed object or null if not found","invocations":1,"location":null,"numPassingAsserts":3,"retryReasons":[],"status":"passed","title":"getDeputado returns detailed object or null if not found"},{"ancestorTitles":["GovernmentAPI additional unit tests"],"duration":1,"failureDetails":[],"failureMessages":[],"fullName":"GovernmentAPI additional unit tests getSenadoresAtuais tries fallback route when first response missing","invocations":1,"location":null,"numPassingAsserts":2,"retryReasons":[],"status":"passed","title":"getSenadoresAtuais tries fallback route when first response missing"},{"ancestorTitles":["GovernmentAPI additional unit tests"],"duration":2,"failureDetails":[],"failureMessages":[],"fullName":"GovernmentAPI additional unit tests getVotacoesCamara returns mapped votacoes","invocations":1,"location":null,"numPassingAsserts":3,"retryReasons":[],"status":"passed","title":"getVotacoesCamara returns mapped votacoes"},{"ancestorTitles":["GovernmentAPI additional unit tests"],"duration":1,"failureDetails":[],"failureMessages":[],"fullName":"GovernmentAPI additional unit tests getDetalhesVotacao aggregates votos individuais","invocations":1,"location":null,"numPassingAsserts":3,"retryReasons":[],"status":"passed","title":"getDetalhesVotacao aggregates votos individuais"},{"ancestorTitles":["GovernmentAPI additional unit tests"],"duration":1,"failureDetails":[],"failureMessages":[],"fullName":"GovernmentAPI additional unit tests getDespesasPorParlamentar normalizes portal response formats","invocations":1,"location":null,"numPassingAsserts":2,"retryReasons":[],"status":"passed","title":"getDespesasPorParlamentar normalizes portal response formats"},{"ancestorTitles":["GovernmentAPI additional unit tests"],"duration":1,"failureDetails":[],"failureMessages":[],"fullName":"GovernmentAPI additional unit tests fetchData caches responses to avoid duplicate fetches","invocations":1,"location":null,"numPassingAsserts":2,"retryReasons":[],"status":"passed","title":"fetchData caches responses to avoid duplicate fetches"},{"ancestorTitles":["GovernmentAPI additional unit tests"],"duration":0,"failureDetails":[],"failureMessages":[],"fullName":"GovernmentAPI additional unit tests fetchPortal with proxyBase uses proxy url","invocations":1,"location":null,"numPassingAsserts":2,"retryReasons":[],"status":"passed","title":"fetchPortal with proxyBase uses proxy url"}],"endTime":1760562414595,"message":"","name":"/home/runner/work/TransparenciaPolitica/TransparenciaPolitica/__tests__/government-api.more.test.js","startTime":1760562413824,"status":"passed","summary":""},{"assertionResults":[{"ancestorTitles":["PoliticaApp.fetchServerPage"],"duration":431,"failureDetails":[],"failureMessages":[],"fullName":"PoliticaApp.fetchServerPage fetchServerPage integrates results into candidatos and sets meta","invocations":1,"location":null,"numPassingAsserts":3,"retryReasons":[],"status":"passed","title":"fetchServerPage integrates results into candidatos and sets meta"}],"endTime":1760562415192,"message":"","name":"/home/runner/work/TransparenciaPolitica/TransparenciaPolitica/__tests__/app.test.js","startTime":1760562414654,"status":"passed","summary":""},{"assertionResults":[{"ancestorTitles":["views module"],"duration":87,"failureDetails":[],"failureMessages":[],"fullName":"views module renderCandidatos renders page items and favorite buttons","invocations":1,"location":null,"numPassingAsserts":2,"retryReasons":[],"status":"passed","title":"renderCandidatos renders page items and favorite buttons"},{"ancestorTitles":["views module"],"duration":10,"failureDetails":[],"failureMessages":[],"fullName":"views module renderPagination creates page buttons and navigation","invocations":1,"location":null,"numPassingAsserts":2,"retryReasons":[],"status":"passed","title":"renderPagination creates page buttons and navigation"},{"ancestorTitles":["views module"],"duration":75,"failureDetails":[],"failureMessages":[],"fullName":"views module showCandidatoDetails opens modal with Ver gastos button","invocations":1,"location":null,"numPassingAsserts":2,"retryReasons":[],"status":"passed","title":"showCandidatoDetails opens modal with Ver gastos button"}],"endTime":1760562415951,"message":"","name":"/home/runner/work/TransparenciaPolitica/TransparenciaPolitica/__tests__/views.test.js","startTime":1760562415226,"status":"passed","summary":""},{"assertionResults":[{"ancestorTitles":["ui-helpers"],"duration":60,"failureDetails":[],"failureMessages":[],"fullName":"ui-helpers createModal injects modal into document","invocations":1,"location":null,"numPassingAsserts":2,"retryReasons":[],"status":"passed","title":"createModal injects modal into document"},{"ancestorTitles":["ui-helpers"],"duration":13,"failureDetails":[],"failureMessages":[],"fullName":"ui-helpers createDownloadButtonForDespesas generates CSV and triggers download","invocations":1,"location":null,"numPassingAsserts":2,"retryReasons":[],"status":"passed","title":"createDownloadButtonForDespesas generates CSV and triggers download"},{"ancestorTitles":["ui-helpers"],"duration":80,"failureDetails":[],"failureMessages":[],"fullName":"ui-helpers createPortalKeyModal attaches inputs and save works","invocations":1,"location":null,"numPassingAsserts":4,"retryReasons":[],"status":"passed","title":"createPortalKeyModal attaches inputs and save works"}],"endTime":1760562416502,"message":"","name":"/home/runner/work/TransparenciaPolitica/TransparenciaPolitica/__tests__/ui-helpers.test.js","startTime":1760562415972,"status":"passed","summary":""},{"assertionResults":[{"ancestorTitles":["GovernmentAPI.searchDeputados"],"duration":4,"failureDetails":[],"failureMessages":[],"fullName":"GovernmentAPI.searchDeputados returns results and meta shape when remote responds","invocations":1,"location":null,"numPassingAsserts":5,"retryReasons":[],"status":"passed","title":"returns results and meta shape when remote responds"}],"endTime":1760562416621,"message":"","name":"/home/runner/work/TransparenciaPolitica/TransparenciaPolitica/__tests__/api.test.js","startTime":1760562416521,"status":"passed","summary":""},{"assertionResults":[{"ancestorTitles":["integração local despesas (Jest)"],"duration":349,"failureDetails":[],"failureMessages":[],"fullName":"integração local despesas (Jest) government-api parses CSV e PoliticaApp reage ao evento localDespesasUsed","invocations":1,"location":null,"numPassingAsserts":4,"retryReasons":[],"status":"passed","title":"government-api parses CSV e PoliticaApp reage ao evento localDespesasUsed"}],"endTime":1760562417061,"message":"","name":"/home/runner/work/TransparenciaPolitica/TransparenciaPolitica/__tests__/integration.local-despesas.test.js","startTime":1760562416633,"status":"passed","summary":""},{"assertionResults":[{"ancestorTitles":["GovernmentAPI unit tests"],"duration":7,"failureDetails":[],"failureMessages":[],"fullName":"GovernmentAPI unit tests searchDeputados returns results and meta","invocations":1,"location":null,"numPassingAsserts":5,"retryReasons":[],"status":"passed","title":"searchDeputados returns results and meta"},{"ancestorTitles":["GovernmentAPI unit tests"],"duration":501,"failureDetails":[],"failureMessages":[],"fullName":"GovernmentAPI unit tests fetchPortal retries on 429 and eventually returns data","invocations":1,"location":null,"numPassingAsserts":3,"retryReasons":[],"status":"passed","title":"fetchPortal retries on 429 and eventually returns data"},{"ancestorTitles":["GovernmentAPI unit tests"],"duration":1,"failureDetails":[],"failureMessages":[],"fullName":"GovernmentAPI unit tests getDespesasPorParlamentar returns paginated results from local despesas","invocations":1,"location":null,"numPassingAsserts":3,"retryReasons":[],"status":"passed","title":"getDespesasPorParlamentar returns paginated results from local despesas"}],"endTime":1760562417712,"message":"","name":"/home/runner/work/TransparenciaPolitica/TransparenciaPolitica/__tests__/government-api.unit.test.js","startTime":1760562417102,"status":"passed","summary":""},{"assertionResults":[{"ancestorTitles":["GovernmentAPI local despesas fallback"],"duration":3,"failureDetails":[],"failureMessages":[],"fullName":"GovernmentAPI local despesas fallback useLocalDespesas and getDespesasPorParlamentar pagination","invocations":1,"location":null,"numPassingAsserts":3,"retryReasons":[],"status":"passed","title":"useLocalDespesas and getDespesasPorParlamentar pagination"},{"ancestorTitles":["GovernmentAPI local despesas fallback"],"duration":5,"failureDetails":[],"failureMessages":[],"fullName":"GovernmentAPI local despesas fallback filter by nome","invocations":1,"location":null,"numPassingAsserts":1,"retryReasons":[],"status":"passed","title":"filter by nome"}],"endTime":1760562417869,"message":"","name":"/home/runner/work/TransparenciaPolitica/TransparenciaPolitica/__tests__/governmentapi-local.test.js","startTime":1760562417727,"status":"passed","summary":""},{"assertionResults":[{"ancestorTitles":["GovernmentAPI portal and fallback tests"],"duration":14,"failureDetails":[],"failureMessages":[],"fullName":"GovernmentAPI portal and fallback tests fetchPortal returns API_KEY_MISSING when portal key not set and no proxy","invocations":1,"location":null,"numPassingAsserts":2,"retryReasons":[],"status":"passed","title":"fetchPortal returns API_KEY_MISSING when portal key not set and no proxy"},{"ancestorTitles":["GovernmentAPI portal and fallback tests"],"duration":2436,"failureDetails":[],"failureMessages":[],"fullName":"GovernmentAPI portal and fallback tests fetchPortal returns null on repeated fetch failures","invocations":1,"location":null,"numPassingAsserts":2,"retryReasons":[],"status":"passed","title":"fetchPortal returns null on repeated fetch failures"},{"ancestorTitles":["GovernmentAPI portal and fallback tests"],"duration":1,"failureDetails":[],"failureMessages":[],"fullName":"GovernmentAPI portal and fallback tests loadDespesasFromCSV parses simple CSV fallback","invocations":1,"location":null,"numPassingAsserts":3,"retryReasons":[],"status":"passed","title":"loadDespesasFromCSV parses simple CSV fallback"}],"endTime":1760562420430,"message":"","name":"/home/runner/work/TransparenciaPolitica/TransparenciaPolitica/__tests__/government-api.portal.test.js","startTime":1760562417891,"status":"passed","summary":""},{"assertionResults":[{"ancestorTitles":["loadDespesasFromCSV"],"duration":3,"failureDetails":[],"failureMessages":[],"fullName":"loadDespesasFromCSV parses a small CSV with semicolons","invocations":1,"location":null,"numPassingAsserts":4,"retryReasons":[],"status":"passed","title":"parses a small CSV with semicolons"}],"endTime":1760562420560,"message":"","name":"/home/runner/work/TransparenciaPolitica/TransparenciaPolitica/__tests__/despesas-csv.test.js","startTime":1760562420478,"status":"passed","summary":""},{"assertionResults":[{"ancestorTitles":[],"duration":3,"failureDetails":[],"failureMessages":[],"fullName":"parses simple semicolon CSV","invocations":1,"location":null,"numPassingAsserts":5,"retryReasons":[],"status":"passed","title":"parses simple semicolon CSV"},{"ancestorTitles":[],"duration":0,"failureDetails":[],"failureMessages":[],"fullName":"parses comma CSV with quoted fields","invocations":1,"location":null,"numPassingAsserts":1,"retryReasons":[],"status":"passed","title":"parses comma CSV with quoted fields"}],"endTime":1760562420688,"message":"","name":"/home/runner/work/TransparenciaPolitica/TransparenciaPolitica/__tests__/csv-parser.test.js","startTime":1760562420572,"status":"passed","summary":""}],"wasInterrupted":false,"coverageMap":{"/home/runner/work/TransparenciaPolitica/TransparenciaPolitica/lib/government-api.js":{"path":"/home/runner/work/TransparenciaPolitica/TransparenciaPolitica/lib/government-api.js","statementMap":{"0":{"start":{"line":1,"column":16},"end":{"line":1,"column":37}},"1":{"start":{"line":2,"column":23},"end":{"line":2,"column":54}},"2":{"start":{"line":3,"column":24},"end":{"line":3,"column":50}},"3":{"start":{"line":4,"column":19},"end":{"line":4,"column":50}},"4":{"start":{"line":5,"column":15},"end":{"line":8,"column":1}},"5":{"start":{"line":6,"column":2},"end":{"line":7,"column":66}},"6":{"start":{"line":7,"column":4},"end":{"line":7,"column":66}},"7":{"start":{"line":9,"column":18},"end":{"line":16,"column":1}},"8":{"start":{"line":10,"column":2},"end":{"line":14,"column":3}},"9":{"start":{"line":11,"column":4},"end":{"line":13,"column":123}},"10":{"start":{"line":12,"column":6},"end":{"line":13,"column":123}},"11":{"start":{"line":13,"column":8},"end":{"line":13,"column":123}},"12":{"start":{"line":13,"column":40},"end":{"line":13,"column":49}},"13":{"start":{"line":15,"column":2},"end":{"line":15,"column":12}},"14":{"start":{"line":17,"column":19},"end":{"line":17,"column":90}},"15":{"start":{"line":17,"column":28},"end":{"line":17,"column":90}},"16":{"start":{"line":20,"column":29},"end":{"line":20,"column":31}},"17":{"start":{"line":21,"column":0},"end":{"line":24,"column":3}},"18":{"start":{"line":22,"column":21},"end":{"line":22,"column":32}},"19":{"start":{"line":23,"column":23},"end":{"line":23,"column":36}},"20":{"start":{"line":25,"column":0},"end":{"line":25,"column":54}},"21":{"start":{"line":28,"column":22},"end":{"line":28,"column":25}},"22":{"start":{"line":29,"column":22},"end":{"line":29,"column":23}},"23":{"start":{"line":31,"column":2},"end":{"line":42,"column":5}},"24":{"start":{"line":32,"column":15},"end":{"line":34,"column":10}},"25":{"start":{"line":33,"column":6},"end":{"line":33,"column":54}},"26":{"start":{"line":35,"column":4},"end":{"line":41,"column":7}},"27":{"start":{"line":36,"column":6},"end":{"line":36,"column":23}},"28":{"start":{"line":37,"column":6},"end":{"line":37,"column":19}},"29":{"start":{"line":39,"column":6},"end":{"line":39,"column":23}},"30":{"start":{"line":40,"column":6},"end":{"line":40,"column":18}},"31":{"start":{"line":45,"column":18},"end":{"line":45,"column":49}},"32":{"start":{"line":46,"column":18},"end":{"line":46,"column":83}},"33":{"start":{"line":48,"column":2},"end":{"line":58,"column":3}},"34":{"start":{"line":48,"column":21},"end":{"line":48,"column":22}},"35":{"start":{"line":49,"column":4},"end":{"line":57,"column":5}},"36":{"start":{"line":50,"column":19},"end":{"line":50,"column":66}},"37":{"start":{"line":51,"column":6},"end":{"line":51,"column":18}},"38":{"start":{"line":53,"column":6},"end":{"line":53,"column":20}},"39":{"start":{"line":54,"column":22},"end":{"line":54,"column":48}},"40":{"start":{"line":55,"column":6},"end":{"line":55,"column":55}},"41":{"start":{"line":55,"column":31},"end":{"line":55,"column":53}},"42":{"start":{"line":56,"column":6},"end":{"line":56,"column":15}},"43":{"start":{"line":59,"column":2},"end":{"line":59,"column":48}},"44":{"start":{"line":63,"column":16},"end":{"line":63,"column":20}},"45":{"start":{"line":64,"column":0},"end":{"line":68,"column":1}},"46":{"start":{"line":65,"column":2},"end":{"line":65,"column":126}},"47":{"start":{"line":67,"column":2},"end":{"line":67,"column":19}},"48":{"start":{"line":69,"column":20},"end":{"line":375,"column":1}},"49":{"start":{"line":71,"column":4},"end":{"line":74,"column":6}},"50":{"start":{"line":75,"column":4},"end":{"line":75,"column":88}},"51":{"start":{"line":76,"column":4},"end":{"line":76,"column":43}},"52":{"start":{"line":77,"column":4},"end":{"line":77,"column":37}},"53":{"start":{"line":80,"column":4},"end":{"line":80,"column":29}},"54":{"start":{"line":83,"column":4},"end":{"line":83,"column":25}},"55":{"start":{"line":86,"column":4},"end":{"line":86,"column":51}},"56":{"start":{"line":89,"column":4},"end":{"line":89,"column":57}},"57":{"start":{"line":92,"column":19},"end":{"line":92,"column":38}},"58":{"start":{"line":93,"column":4},"end":{"line":94,"column":18}},"59":{"start":{"line":94,"column":6},"end":{"line":94,"column":18}},"60":{"start":{"line":95,"column":4},"end":{"line":98,"column":5}},"61":{"start":{"line":96,"column":6},"end":{"line":96,"column":29}},"62":{"start":{"line":97,"column":6},"end":{"line":97,"column":18}},"63":{"start":{"line":99,"column":4},"end":{"line":99,"column":23}},"64":{"start":{"line":102,"column":21},"end":{"line":102,"column":55}},"65":{"start":{"line":103,"column":19},"end":{"line":103,"column":42}},"66":{"start":{"line":104,"column":4},"end":{"line":107,"column":5}},"67":{"start":{"line":105,"column":6},"end":{"line":105,"column":44}},"68":{"start":{"line":106,"column":6},"end":{"line":106,"column":20}},"69":{"start":{"line":108,"column":4},"end":{"line":143,"column":5}},"70":{"start":{"line":109,"column":18},"end":{"line":109,"column":62}},"71":{"start":{"line":110,"column":6},"end":{"line":113,"column":9}},"72":{"start":{"line":111,"column":8},"end":{"line":112,"column":52}},"73":{"start":{"line":112,"column":10},"end":{"line":112,"column":52}},"74":{"start":{"line":114,"column":21},"end":{"line":114,"column":35}},"75":{"start":{"line":115,"column":6},"end":{"line":125,"column":7}},"76":{"start":{"line":116,"column":21},"end":{"line":116,"column":45}},"77":{"start":{"line":117,"column":8},"end":{"line":124,"column":9}},"78":{"start":{"line":118,"column":10},"end":{"line":123,"column":11}},"79":{"start":{"line":119,"column":12},"end":{"line":119,"column":92}},"80":{"start":{"line":120,"column":12},"end":{"line":120,"column":59}},"81":{"start":{"line":122,"column":12},"end":{"line":122,"column":64}},"82":{"start":{"line":127,"column":6},"end":{"line":134,"column":7}},"83":{"start":{"line":128,"column":8},"end":{"line":131,"column":85}},"84":{"start":{"line":129,"column":10},"end":{"line":129,"column":115}},"85":{"start":{"line":131,"column":10},"end":{"line":131,"column":85}},"86":{"start":{"line":133,"column":8},"end":{"line":133,"column":16}},"87":{"start":{"line":135,"column":6},"end":{"line":136,"column":66}},"88":{"start":{"line":136,"column":8},"end":{"line":136,"column":66}},"89":{"start":{"line":137,"column":19},"end":{"line":137,"column":40}},"90":{"start":{"line":138,"column":6},"end":{"line":138,"column":36}},"91":{"start":{"line":139,"column":6},"end":{"line":139,"column":18}},"92":{"start":{"line":141,"column":6},"end":{"line":141,"column":58}},"93":{"start":{"line":142,"column":6},"end":{"line":142,"column":18}},"94":{"start":{"line":147,"column":20},"end":{"line":147,"column":51}},"95":{"start":{"line":148,"column":4},"end":{"line":157,"column":5}},"96":{"start":{"line":149,"column":6},"end":{"line":149,"column":52}},"97":{"start":{"line":151,"column":6},"end":{"line":154,"column":7}},"98":{"start":{"line":152,"column":8},"end":{"line":152,"column":65}},"99":{"start":{"line":153,"column":8},"end":{"line":153,"column":44}},"100":{"start":{"line":155,"column":6},"end":{"line":155,"column":88}},"101":{"start":{"line":156,"column":6},"end":{"line":156,"column":50}},"102":{"start":{"line":158,"column":4},"end":{"line":161,"column":7}},"103":{"start":{"line":159,"column":6},"end":{"line":160,"column":46}},"104":{"start":{"line":160,"column":8},"end":{"line":160,"column":46}},"105":{"start":{"line":162,"column":24},"end":{"line":162,"column":25}},"106":{"start":{"line":163,"column":18},"end":{"line":163,"column":19}},"107":{"start":{"line":164,"column":4},"end":{"line":192,"column":5}},"108":{"start":{"line":165,"column":6},"end":{"line":165,"column":16}},"109":{"start":{"line":166,"column":6},"end":{"line":191,"column":7}},"110":{"start":{"line":168,"column":8},"end":{"line":172,"column":9}},"111":{"start":{"line":169,"column":10},"end":{"line":169,"column":198}},"112":{"start":{"line":171,"column":10},"end":{"line":171,"column":18}},"113":{"start":{"line":173,"column":8},"end":{"line":178,"column":9}},"114":{"start":{"line":174,"column":29},"end":{"line":174,"column":64}},"115":{"start":{"line":175,"column":23},"end":{"line":175,"column":82}},"116":{"start":{"line":176,"column":10},"end":{"line":176,"column":56}},"117":{"start":{"line":176,"column":35},"end":{"line":176,"column":54}},"118":{"start":{"line":177,"column":10},"end":{"line":177,"column":19}},"119":{"start":{"line":179,"column":8},"end":{"line":182,"column":9}},"120":{"start":{"line":180,"column":23},"end":{"line":180,"column":44}},"121":{"start":{"line":181,"column":10},"end":{"line":181,"column":74}},"122":{"start":{"line":183,"column":21},"end":{"line":183,"column":42}},"123":{"start":{"line":184,"column":8},"end":{"line":184,"column":20}},"124":{"start":{"line":186,"column":8},"end":{"line":186,"column":69}},"125":{"start":{"line":187,"column":8},"end":{"line":188,"column":22}},"126":{"start":{"line":188,"column":10},"end":{"line":188,"column":22}},"127":{"start":{"line":189,"column":24},"end":{"line":189,"column":50}},"128":{"start":{"line":190,"column":8},"end":{"line":190,"column":57}},"129":{"start":{"line":190,"column":33},"end":{"line":190,"column":55}},"130":{"start":{"line":193,"column":4},"end":{"line":193,"column":16}},"131":{"start":{"line":197,"column":17},"end":{"line":197,"column":99}},"132":{"start":{"line":198,"column":4},"end":{"line":199,"column":16}},"133":{"start":{"line":199,"column":6},"end":{"line":199,"column":16}},"134":{"start":{"line":200,"column":4},"end":{"line":200,"column":344}},"135":{"start":{"line":200,"column":41},"end":{"line":200,"column":341}},"136":{"start":{"line":203,"column":17},"end":{"line":203,"column":130}},"137":{"start":{"line":204,"column":4},"end":{"line":205,"column":16}},"138":{"start":{"line":205,"column":6},"end":{"line":205,"column":16}},"139":{"start":{"line":206,"column":4},"end":{"line":206,"column":344}},"140":{"start":{"line":206,"column":41},"end":{"line":206,"column":341}},"141":{"start":{"line":209,"column":71},"end":{"line":209,"column":77}},"142":{"start":{"line":210,"column":18},"end":{"line":210,"column":51}},"143":{"start":{"line":211,"column":4},"end":{"line":212,"column":24}},"144":{"start":{"line":212,"column":6},"end":{"line":212,"column":24}},"145":{"start":{"line":213,"column":4},"end":{"line":214,"column":25}},"146":{"start":{"line":214,"column":6},"end":{"line":214,"column":25}},"147":{"start":{"line":215,"column":4},"end":{"line":216,"column":35}},"148":{"start":{"line":216,"column":6},"end":{"line":216,"column":35}},"149":{"start":{"line":217,"column":4},"end":{"line":218,"column":36}},"150":{"start":{"line":218,"column":6},"end":{"line":218,"column":36}},"151":{"start":{"line":219,"column":4},"end":{"line":243,"column":5}},"152":{"start":{"line":220,"column":18},"end":{"line":220,"column":62}},"153":{"start":{"line":221,"column":6},"end":{"line":224,"column":9}},"154":{"start":{"line":222,"column":8},"end":{"line":223,"column":47}},"155":{"start":{"line":223,"column":10},"end":{"line":223,"column":47}},"156":{"start":{"line":226,"column":6},"end":{"line":231,"column":7}},"157":{"start":{"line":227,"column":8},"end":{"line":227,"column":224}},"158":{"start":{"line":229,"column":8},"end":{"line":229,"column":56}},"159":{"start":{"line":230,"column":8},"end":{"line":230,"column":86}},"160":{"start":{"line":232,"column":6},"end":{"line":233,"column":86}},"161":{"start":{"line":233,"column":8},"end":{"line":233,"column":86}},"162":{"start":{"line":234,"column":19},"end":{"line":234,"column":40}},"163":{"start":{"line":235,"column":22},"end":{"line":235,"column":382}},"164":{"start":{"line":235,"column":80},"end":{"line":235,"column":380}},"165":{"start":{"line":236,"column":26},"end":{"line":236,"column":112}},"166":{"start":{"line":237,"column":20},"end":{"line":237,"column":66}},"167":{"start":{"line":238,"column":22},"end":{"line":238,"column":48}},"168":{"start":{"line":239,"column":6},"end":{"line":239,"column":67}},"169":{"start":{"line":241,"column":6},"end":{"line":241,"column":50}},"170":{"start":{"line":242,"column":6},"end":{"line":242,"column":84}},"171":{"start":{"line":246,"column":4},"end":{"line":260,"column":5}},"172":{"start":{"line":247,"column":20},"end":{"line":247,"column":39}},"173":{"start":{"line":248,"column":6},"end":{"line":254,"column":7}},"174":{"start":{"line":249,"column":24},"end":{"line":249,"column":61}},"175":{"start":{"line":250,"column":8},"end":{"line":250,"column":107}},"176":{"start":{"line":250,"column":40},"end":{"line":250,"column":105}},"177":{"start":{"line":251,"column":13},"end":{"line":254,"column":7}},"178":{"start":{"line":252,"column":26},"end":{"line":252,"column":59}},"179":{"start":{"line":253,"column":8},"end":{"line":253,"column":122}},"180":{"start":{"line":253,"column":40},"end":{"line":253,"column":120}},"181":{"start":{"line":255,"column":21},"end":{"line":255,"column":81}},"182":{"start":{"line":256,"column":20},"end":{"line":256,"column":84}},"183":{"start":{"line":257,"column":20},"end":{"line":257,"column":40}},"184":{"start":{"line":258,"column":24},"end":{"line":258,"column":59}},"185":{"start":{"line":259,"column":6},"end":{"line":259,"column":23}},"186":{"start":{"line":261,"column":18},"end":{"line":261,"column":20}},"187":{"start":{"line":262,"column":4},"end":{"line":263,"column":29}},"188":{"start":{"line":263,"column":6},"end":{"line":263,"column":29}},"189":{"start":{"line":264,"column":4},"end":{"line":265,"column":31}},"190":{"start":{"line":265,"column":6},"end":{"line":265,"column":31}},"191":{"start":{"line":266,"column":4},"end":{"line":267,"column":35}},"192":{"start":{"line":267,"column":6},"end":{"line":267,"column":35}},"193":{"start":{"line":268,"column":4},"end":{"line":269,"column":33}},"194":{"start":{"line":269,"column":6},"end":{"line":269,"column":33}},"195":{"start":{"line":270,"column":4},"end":{"line":271,"column":29}},"196":{"start":{"line":271,"column":6},"end":{"line":271,"column":29}},"197":{"start":{"line":272,"column":4},"end":{"line":273,"column":29}},"198":{"start":{"line":273,"column":6},"end":{"line":273,"column":29}},"199":{"start":{"line":274,"column":17},"end":{"line":274,"column":59}},"200":{"start":{"line":275,"column":4},"end":{"line":276,"column":18}},"201":{"start":{"line":276,"column":6},"end":{"line":276,"column":18}},"202":{"start":{"line":277,"column":4},"end":{"line":278,"column":42}},"203":{"start":{"line":278,"column":6},"end":{"line":278,"column":42}},"204":{"start":{"line":279,"column":16},"end":{"line":279,"column":18}},"205":{"start":{"line":280,"column":4},"end":{"line":289,"column":21}},"206":{"start":{"line":281,"column":6},"end":{"line":281,"column":19}},"207":{"start":{"line":282,"column":9},"end":{"line":289,"column":21}},"208":{"start":{"line":283,"column":6},"end":{"line":283,"column":25}},"209":{"start":{"line":284,"column":9},"end":{"line":289,"column":21}},"210":{"start":{"line":285,"column":6},"end":{"line":285,"column":25}},"211":{"start":{"line":286,"column":9},"end":{"line":289,"column":21}},"212":{"start":{"line":287,"column":6},"end":{"line":287,"column":19}},"213":{"start":{"line":289,"column":6},"end":{"line":289,"column":21}},"214":{"start":{"line":290,"column":23},"end":{"line":290,"column":406}},"215":{"start":{"line":290,"column":42},"end":{"line":290,"column":404}},"216":{"start":{"line":291,"column":4},"end":{"line":291,"column":22}},"217":{"start":{"line":294,"column":4},"end":{"line":298,"column":5}},"218":{"start":{"line":295,"column":6},"end":{"line":296,"column":48}},"219":{"start":{"line":296,"column":8},"end":{"line":296,"column":48}},"220":{"start":{"line":299,"column":4},"end":{"line":300,"column":16}},"221":{"start":{"line":300,"column":6},"end":{"line":300,"column":16}},"222":{"start":{"line":301,"column":18},"end":{"line":301,"column":74}},"223":{"start":{"line":301,"column":49},"end":{"line":301,"column":57}},"224":{"start":{"line":302,"column":4},"end":{"line":303,"column":16}},"225":{"start":{"line":303,"column":6},"end":{"line":303,"column":16}},"226":{"start":{"line":304,"column":23},"end":{"line":304,"column":31}},"227":{"start":{"line":305,"column":22},"end":{"line":305,"column":103}},"228":{"start":{"line":307,"column":20},"end":{"line":307,"column":22}},"229":{"start":{"line":308,"column":16},"end":{"line":308,"column":18}},"230":{"start":{"line":309,"column":21},"end":{"line":309,"column":26}},"231":{"start":{"line":310,"column":6},"end":{"line":327,"column":7}},"232":{"start":{"line":310,"column":19},"end":{"line":310,"column":20}},"233":{"start":{"line":311,"column":19},"end":{"line":311,"column":26}},"234":{"start":{"line":312,"column":8},"end":{"line":320,"column":9}},"235":{"start":{"line":313,"column":10},"end":{"line":317,"column":11}},"236":{"start":{"line":314,"column":12},"end":{"line":314,"column":23}},"237":{"start":{"line":315,"column":12},"end":{"line":315,"column":16}},"238":{"start":{"line":316,"column":12},"end":{"line":316,"column":21}},"239":{"start":{"line":318,"column":10},"end":{"line":318,"column":31}},"240":{"start":{"line":319,"column":10},"end":{"line":319,"column":19}},"241":{"start":{"line":321,"column":8},"end":{"line":325,"column":9}},"242":{"start":{"line":322,"column":10},"end":{"line":322,"column":33}},"243":{"start":{"line":323,"column":10},"end":{"line":323,"column":19}},"244":{"start":{"line":324,"column":10},"end":{"line":324,"column":19}},"245":{"start":{"line":326,"column":8},"end":{"line":326,"column":18}},"246":{"start":{"line":328,"column":6},"end":{"line":328,"column":29}},"247":{"start":{"line":329,"column":6},"end":{"line":329,"column":19}},"248":{"start":{"line":331,"column":19},"end":{"line":331,"column":81}},"249":{"start":{"line":331,"column":58},"end":{"line":331,"column":80}},"250":{"start":{"line":332,"column":17},"end":{"line":338,"column":6}},"251":{"start":{"line":333,"column":20},"end":{"line":333,"column":35}},"252":{"start":{"line":334,"column":18},"end":{"line":334,"column":20}},"253":{"start":{"line":335,"column":6},"end":{"line":336,"column":40}},"254":{"start":{"line":335,"column":19},"end":{"line":335,"column":20}},"255":{"start":{"line":336,"column":8},"end":{"line":336,"column":40}},"256":{"start":{"line":337,"column":6},"end":{"line":337,"column":17}},"257":{"start":{"line":339,"column":23},"end":{"line":339,"column":490}},"258":{"start":{"line":339,"column":40},"end":{"line":339,"column":488}},"259":{"start":{"line":340,"column":4},"end":{"line":340,"column":22}},"260":{"start":{"line":343,"column":4},"end":{"line":343,"column":76}},"261":{"start":{"line":344,"column":4},"end":{"line":361,"column":5}},"262":{"start":{"line":346,"column":24},"end":{"line":352,"column":7}},"263":{"start":{"line":347,"column":8},"end":{"line":351,"column":9}},"264":{"start":{"line":348,"column":10},"end":{"line":348,"column":220}},"265":{"start":{"line":350,"column":10},"end":{"line":350,"column":94}},"266":{"start":{"line":353,"column":17},"end":{"line":353,"column":28}},"267":{"start":{"line":354,"column":6},"end":{"line":359,"column":7}},"268":{"start":{"line":355,"column":8},"end":{"line":355,"column":33}},"269":{"start":{"line":356,"column":13},"end":{"line":359,"column":7}},"270":{"start":{"line":358,"column":8},"end":{"line":358,"column":33}},"271":{"start":{"line":364,"column":23},"end":{"line":364,"column":489}},"272":{"start":{"line":365,"column":4},"end":{"line":365,"column":43}},"273":{"start":{"line":368,"column":30},"end":{"line":368,"column":67}},"274":{"start":{"line":369,"column":4},"end":{"line":369,"column":67}},"275":{"start":{"line":372,"column":21},"end":{"line":372,"column":194}},"276":{"start":{"line":373,"column":4},"end":{"line":373,"column":34}},"277":{"start":{"line":376,"column":18},"end":{"line":426,"column":1}},"278":{"start":{"line":378,"column":4},"end":{"line":378,"column":19}},"279":{"start":{"line":379,"column":4},"end":{"line":379,"column":40}},"280":{"start":{"line":380,"column":4},"end":{"line":380,"column":28}},"281":{"start":{"line":383,"column":4},"end":{"line":383,"column":18}},"282":{"start":{"line":384,"column":4},"end":{"line":384,"column":58}},"283":{"start":{"line":384,"column":22},"end":{"line":384,"column":35}},"284":{"start":{"line":387,"column":4},"end":{"line":388,"column":13}},"285":{"start":{"line":388,"column":6},"end":{"line":388,"column":13}},"286":{"start":{"line":389,"column":4},"end":{"line":389,"column":27}},"287":{"start":{"line":390,"column":4},"end":{"line":398,"column":5}},"288":{"start":{"line":391,"column":20},"end":{"line":391,"column":51}},"289":{"start":{"line":392,"column":6},"end":{"line":393,"column":39}},"290":{"start":{"line":393,"column":8},"end":{"line":393,"column":39}},"291":{"start":{"line":395,"column":6},"end":{"line":395,"column":53}},"292":{"start":{"line":397,"column":6},"end":{"line":397,"column":30}},"293":{"start":{"line":401,"column":31},"end":{"line":401,"column":76}},"294":{"start":{"line":402,"column":26},"end":{"line":402,"column":66}},"295":{"start":{"line":403,"column":30},"end":{"line":403,"column":74}},"296":{"start":{"line":404,"column":4},"end":{"line":405,"column":66}},"297":{"start":{"line":405,"column":6},"end":{"line":405,"column":66}},"298":{"start":{"line":406,"column":4},"end":{"line":407,"column":56}},"299":{"start":{"line":407,"column":6},"end":{"line":407,"column":56}},"300":{"start":{"line":408,"column":4},"end":{"line":409,"column":96}},"301":{"start":{"line":409,"column":6},"end":{"line":409,"column":96}},"302":{"start":{"line":410,"column":4},"end":{"line":410,"column":39}},"303":{"start":{"line":413,"column":20},"end":{"line":413,"column":67}},"304":{"start":{"line":414,"column":4},"end":{"line":420,"column":5}},"305":{"start":{"line":415,"column":6},"end":{"line":415,"column":48}},"306":{"start":{"line":416,"column":6},"end":{"line":416,"column":44}},"307":{"start":{"line":417,"column":6},"end":{"line":417,"column":129}},"308":{"start":{"line":418,"column":6},"end":{"line":418,"column":85}},"309":{"start":{"line":419,"column":6},"end":{"line":419,"column":43}},"310":{"start":{"line":421,"column":4},"end":{"line":421,"column":34}},"311":{"start":{"line":422,"column":4},"end":{"line":424,"column":12}},"312":{"start":{"line":423,"column":6},"end":{"line":423,"column":36}},"313":{"start":{"line":427,"column":0},"end":{"line":430,"column":1}},"314":{"start":{"line":428,"column":2},"end":{"line":428,"column":39}},"315":{"start":{"line":429,"column":2},"end":{"line":429,"column":35}},"316":{"start":{"line":432,"column":0},"end":{"line":435,"column":3}},"317":{"start":{"line":438,"column":0},"end":{"line":438,"column":119}},"318":{"start":{"line":438,"column":79},"end":{"line":438,"column":119}},"319":{"start":{"line":441,"column":0},"end":{"line":441,"column":311}},"320":{"start":{"line":441,"column":55},"end":{"line":441,"column":309}},"321":{"start":{"line":441,"column":61},"end":{"line":441,"column":181}},"322":{"start":{"line":441,"column":136},"end":{"line":441,"column":181}},"323":{"start":{"line":441,"column":182},"end":{"line":441,"column":294}},"324":{"start":{"line":441,"column":253},"end":{"line":441,"column":294}},"325":{"start":{"line":443,"column":0},"end":{"line":479,"column":1}},"326":{"start":{"line":444,"column":2},"end":{"line":478,"column":30}},"327":{"start":{"line":445,"column":4},"end":{"line":453,"column":5}},"328":{"start":{"line":446,"column":6},"end":{"line":452,"column":8}},"329":{"start":{"line":447,"column":8},"end":{"line":447,"column":29}},"330":{"start":{"line":447,"column":17},"end":{"line":447,"column":29}},"331":{"start":{"line":448,"column":21},"end":{"line":448,"column":71}},"332":{"start":{"line":449,"column":8},"end":{"line":449,"column":46}},"333":{"start":{"line":449,"column":34},"end":{"line":449,"column":46}},"334":{"start":{"line":450,"column":18},"end":{"line":450,"column":28}},"335":{"start":{"line":451,"column":8},"end":{"line":451,"column":517}},"336":{"start":{"line":454,"column":4},"end":{"line":461,"column":5}},"337":{"start":{"line":455,"column":6},"end":{"line":460,"column":8}},"338":{"start":{"line":456,"column":19},"end":{"line":456,"column":61}},"339":{"start":{"line":457,"column":8},"end":{"line":457,"column":159}},"340":{"start":{"line":457,"column":58},"end":{"line":457,"column":157}},"341":{"start":{"line":457,"column":64},"end":{"line":457,"column":142}},"342":{"start":{"line":458,"column":8},"end":{"line":458,"column":117}},"343":{"start":{"line":458,"column":107},"end":{"line":458,"column":117}},"344":{"start":{"line":459,"column":8},"end":{"line":459,"column":660}},"345":{"start":{"line":459,"column":90},"end":{"line":459,"column":657}},"346":{"start":{"line":462,"column":4},"end":{"line":468,"column":5}},"347":{"start":{"line":463,"column":6},"end":{"line":467,"column":8}},"348":{"start":{"line":464,"column":21},"end":{"line":464,"column":129}},"349":{"start":{"line":465,"column":8},"end":{"line":465,"column":44}},"350":{"start":{"line":465,"column":34},"end":{"line":465,"column":44}},"351":{"start":{"line":466,"column":8},"end":{"line":466,"column":622}},"352":{"start":{"line":466,"column":42},"end":{"line":466,"column":619}},"353":{"start":{"line":469,"column":4},"end":{"line":477,"column":5}},"354":{"start":{"line":470,"column":6},"end":{"line":476,"column":8}},"355":{"start":{"line":471,"column":21},"end":{"line":471,"column":77}},"356":{"start":{"line":472,"column":8},"end":{"line":472,"column":46}},"357":{"start":{"line":472,"column":34},"end":{"line":472,"column":46}},"358":{"start":{"line":473,"column":24},"end":{"line":473,"column":34}},"359":{"start":{"line":474,"column":26},"end":{"line":474,"column":88}},"360":{"start":{"line":475,"column":8},"end":{"line":475,"column":824}},"361":{"start":{"line":475,"column":365},"end":{"line":475,"column":385}},"362":{"start":{"line":475,"column":468},"end":{"line":475,"column":488}},"363":{"start":{"line":475,"column":574},"end":{"line":475,"column":600}},"364":{"start":{"line":475,"column":691},"end":{"line":475,"column":814}}},"fnMap":{"0":{"name":"(anonymous_0)","decl":{"start":{"line":5,"column":15},"end":{"line":5,"column":16}},"loc":{"start":{"line":5,"column":32},"end":{"line":8,"column":1}},"line":5},"1":{"name":"(anonymous_1)","decl":{"start":{"line":9,"column":18},"end":{"line":9,"column":19}},"loc":{"start":{"line":9,"column":46},"end":{"line":16,"column":1}},"line":9},"2":{"name":"(anonymous_2)","decl":{"start":{"line":13,"column":34},"end":{"line":13,"column":35}},"loc":{"start":{"line":13,"column":40},"end":{"line":13,"column":49}},"line":13},"3":{"name":"(anonymous_3)","decl":{"start":{"line":17,"column":19},"end":{"line":17,"column":20}},"loc":{"start":{"line":17,"column":28},"end":{"line":17,"column":90}},"line":17},"4":{"name":"(anonymous_4)","decl":{"start":{"line":22,"column":15},"end":{"line":22,"column":16}},"loc":{"start":{"line":22,"column":21},"end":{"line":22,"column":32}},"line":22},"5":{"name":"(anonymous_5)","decl":{"start":{"line":23,"column":17},"end":{"line":23,"column":18}},"loc":{"start":{"line":23,"column":23},"end":{"line":23,"column":36}},"line":23},"6":{"name":"timeoutPromise","decl":{"start":{"line":30,"column":9},"end":{"line":30,"column":23}},"loc":{"start":{"line":30,"column":37},"end":{"line":43,"column":1}},"line":30},"7":{"name":"(anonymous_7)","decl":{"start":{"line":31,"column":21},"end":{"line":31,"column":22}},"loc":{"start":{"line":31,"column":42},"end":{"line":42,"column":3}},"line":31},"8":{"name":"(anonymous_8)","decl":{"start":{"line":32,"column":26},"end":{"line":32,"column":27}},"loc":{"start":{"line":32,"column":32},"end":{"line":34,"column":5}},"line":32},"9":{"name":"(anonymous_9)","decl":{"start":{"line":35,"column":17},"end":{"line":35,"column":18}},"loc":{"start":{"line":35,"column":26},"end":{"line":38,"column":5}},"line":35},"10":{"name":"(anonymous_10)","decl":{"start":{"line":38,"column":13},"end":{"line":38,"column":14}},"loc":{"start":{"line":38,"column":22},"end":{"line":41,"column":5}},"line":38},"11":{"name":"fetchRaw","decl":{"start":{"line":44,"column":15},"end":{"line":44,"column":23}},"loc":{"start":{"line":44,"column":40},"end":{"line":60,"column":1}},"line":44},"12":{"name":"(anonymous_12)","decl":{"start":{"line":55,"column":24},"end":{"line":55,"column":25}},"loc":{"start":{"line":55,"column":31},"end":{"line":55,"column":53}},"line":55},"13":{"name":"(anonymous_13)","decl":{"start":{"line":70,"column":2},"end":{"line":70,"column":3}},"loc":{"start":{"line":70,"column":16},"end":{"line":78,"column":3}},"line":70},"14":{"name":"(anonymous_14)","decl":{"start":{"line":79,"column":2},"end":{"line":79,"column":3}},"loc":{"start":{"line":79,"column":20},"end":{"line":81,"column":3}},"line":79},"15":{"name":"(anonymous_15)","decl":{"start":{"line":82,"column":2},"end":{"line":82,"column":3}},"loc":{"start":{"line":82,"column":20},"end":{"line":84,"column":3}},"line":82},"16":{"name":"(anonymous_16)","decl":{"start":{"line":85,"column":2},"end":{"line":85,"column":3}},"loc":{"start":{"line":85,"column":32},"end":{"line":87,"column":3}},"line":85},"17":{"name":"(anonymous_17)","decl":{"start":{"line":88,"column":2},"end":{"line":88,"column":3}},"loc":{"start":{"line":88,"column":22},"end":{"line":90,"column":3}},"line":88},"18":{"name":"(anonymous_18)","decl":{"start":{"line":91,"column":2},"end":{"line":91,"column":3}},"loc":{"start":{"line":91,"column":16},"end":{"line":100,"column":3}},"line":91},"19":{"name":"(anonymous_19)","decl":{"start":{"line":101,"column":2},"end":{"line":101,"column":3}},"loc":{"start":{"line":101,"column":47},"end":{"line":144,"column":3}},"line":101},"20":{"name":"(anonymous_20)","decl":{"start":{"line":110,"column":34},"end":{"line":110,"column":35}},"loc":{"start":{"line":110,"column":43},"end":{"line":113,"column":7}},"line":110},"21":{"name":"(anonymous_21)","decl":{"start":{"line":145,"column":2},"end":{"line":145,"column":3}},"loc":{"start":{"line":145,"column":43},"end":{"line":194,"column":3}},"line":145},"22":{"name":"(anonymous_22)","decl":{"start":{"line":158,"column":32},"end":{"line":158,"column":33}},"loc":{"start":{"line":158,"column":39},"end":{"line":161,"column":5}},"line":158},"23":{"name":"(anonymous_23)","decl":{"start":{"line":176,"column":28},"end":{"line":176,"column":29}},"loc":{"start":{"line":176,"column":35},"end":{"line":176,"column":54}},"line":176},"24":{"name":"(anonymous_24)","decl":{"start":{"line":190,"column":26},"end":{"line":190,"column":27}},"loc":{"start":{"line":190,"column":33},"end":{"line":190,"column":55}},"line":190},"25":{"name":"(anonymous_25)","decl":{"start":{"line":196,"column":2},"end":{"line":196,"column":3}},"loc":{"start":{"line":196,"column":29},"end":{"line":201,"column":3}},"line":196},"26":{"name":"(anonymous_26)","decl":{"start":{"line":200,"column":26},"end":{"line":200,"column":27}},"loc":{"start":{"line":200,"column":41},"end":{"line":200,"column":341}},"line":200},"27":{"name":"(anonymous_27)","decl":{"start":{"line":202,"column":2},"end":{"line":202,"column":3}},"loc":{"start":{"line":202,"column":50},"end":{"line":207,"column":3}},"line":202},"28":{"name":"(anonymous_28)","decl":{"start":{"line":206,"column":26},"end":{"line":206,"column":27}},"loc":{"start":{"line":206,"column":41},"end":{"line":206,"column":341}},"line":206},"29":{"name":"(anonymous_29)","decl":{"start":{"line":208,"column":2},"end":{"line":208,"column":3}},"loc":{"start":{"line":208,"column":37},"end":{"line":244,"column":3}},"line":208},"30":{"name":"(anonymous_30)","decl":{"start":{"line":221,"column":33},"end":{"line":221,"column":34}},"loc":{"start":{"line":221,"column":40},"end":{"line":224,"column":7}},"line":221},"31":{"name":"(anonymous_31)","decl":{"start":{"line":235,"column":65},"end":{"line":235,"column":66}},"loc":{"start":{"line":235,"column":80},"end":{"line":235,"column":380}},"line":235},"32":{"name":"(anonymous_32)","decl":{"start":{"line":245,"column":2},"end":{"line":245,"column":3}},"loc":{"start":{"line":245,"column":47},"end":{"line":292,"column":3}},"line":245},"33":{"name":"(anonymous_33)","decl":{"start":{"line":250,"column":33},"end":{"line":250,"column":34}},"loc":{"start":{"line":250,"column":40},"end":{"line":250,"column":105}},"line":250},"34":{"name":"(anonymous_34)","decl":{"start":{"line":253,"column":33},"end":{"line":253,"column":34}},"loc":{"start":{"line":253,"column":40},"end":{"line":253,"column":120}},"line":253},"35":{"name":"(anonymous_35)","decl":{"start":{"line":290,"column":33},"end":{"line":290,"column":34}},"loc":{"start":{"line":290,"column":42},"end":{"line":290,"column":404}},"line":290},"36":{"name":"(anonymous_36)","decl":{"start":{"line":293,"column":2},"end":{"line":293,"column":3}},"loc":{"start":{"line":293,"column":28},"end":{"line":341,"column":3}},"line":293},"37":{"name":"(anonymous_37)","decl":{"start":{"line":301,"column":42},"end":{"line":301,"column":43}},"loc":{"start":{"line":301,"column":49},"end":{"line":301,"column":57}},"line":301},"38":{"name":"splitLine","decl":{"start":{"line":306,"column":13},"end":{"line":306,"column":22}},"loc":{"start":{"line":306,"column":29},"end":{"line":330,"column":5}},"line":306},"39":{"name":"(anonymous_39)","decl":{"start":{"line":331,"column":51},"end":{"line":331,"column":52}},"loc":{"start":{"line":331,"column":58},"end":{"line":331,"column":80}},"line":331},"40":{"name":"(anonymous_40)","decl":{"start":{"line":332,"column":36},"end":{"line":332,"column":37}},"loc":{"start":{"line":332,"column":46},"end":{"line":338,"column":5}},"line":332},"41":{"name":"(anonymous_41)","decl":{"start":{"line":339,"column":32},"end":{"line":339,"column":33}},"loc":{"start":{"line":339,"column":40},"end":{"line":339,"column":488}},"line":339},"42":{"name":"(anonymous_42)","decl":{"start":{"line":342,"column":2},"end":{"line":342,"column":3}},"loc":{"start":{"line":342,"column":34},"end":{"line":362,"column":3}},"line":342},"43":{"name":"(anonymous_43)","decl":{"start":{"line":346,"column":24},"end":{"line":346,"column":25}},"loc":{"start":{"line":346,"column":30},"end":{"line":352,"column":7}},"line":346},"44":{"name":"(anonymous_44)","decl":{"start":{"line":363,"column":2},"end":{"line":363,"column":3}},"loc":{"start":{"line":363,"column":32},"end":{"line":366,"column":3}},"line":363},"45":{"name":"(anonymous_45)","decl":{"start":{"line":367,"column":2},"end":{"line":367,"column":3}},"loc":{"start":{"line":367,"column":32},"end":{"line":370,"column":3}},"line":367},"46":{"name":"(anonymous_46)","decl":{"start":{"line":371,"column":2},"end":{"line":371,"column":3}},"loc":{"start":{"line":371,"column":21},"end":{"line":374,"column":3}},"line":371},"47":{"name":"(anonymous_47)","decl":{"start":{"line":377,"column":2},"end":{"line":377,"column":3}},"loc":{"start":{"line":377,"column":19},"end":{"line":381,"column":3}},"line":377},"48":{"name":"(anonymous_48)","decl":{"start":{"line":382,"column":2},"end":{"line":382,"column":3}},"loc":{"start":{"line":382,"column":10},"end":{"line":385,"column":3}},"line":382},"49":{"name":"(anonymous_49)","decl":{"start":{"line":384,"column":16},"end":{"line":384,"column":17}},"loc":{"start":{"line":384,"column":22},"end":{"line":384,"column":35}},"line":384},"50":{"name":"(anonymous_50)","decl":{"start":{"line":386,"column":2},"end":{"line":386,"column":3}},"loc":{"start":{"line":386,"column":17},"end":{"line":399,"column":3}},"line":386},"51":{"name":"(anonymous_51)","decl":{"start":{"line":400,"column":2},"end":{"line":400,"column":3}},"loc":{"start":{"line":400,"column":28},"end":{"line":411,"column":3}},"line":400},"52":{"name":"(anonymous_52)","decl":{"start":{"line":412,"column":2},"end":{"line":412,"column":3}},"loc":{"start":{"line":412,"column":32},"end":{"line":425,"column":3}},"line":412},"53":{"name":"(anonymous_53)","decl":{"start":{"line":422,"column":15},"end":{"line":422,"column":16}},"loc":{"start":{"line":422,"column":21},"end":{"line":424,"column":5}},"line":422},"54":{"name":"(anonymous_54)","decl":{"start":{"line":446,"column":44},"end":{"line":446,"column":45}},"loc":{"start":{"line":446,"column":63},"end":{"line":452,"column":7}},"line":446},"55":{"name":"(anonymous_55)","decl":{"start":{"line":455,"column":51},"end":{"line":455,"column":52}},"loc":{"start":{"line":455,"column":68},"end":{"line":460,"column":7}},"line":455},"56":{"name":"(anonymous_56)","decl":{"start":{"line":459,"column":78},"end":{"line":459,"column":79}},"loc":{"start":{"line":459,"column":90},"end":{"line":459,"column":657}},"line":459},"57":{"name":"(anonymous_57)","decl":{"start":{"line":463,"column":50},"end":{"line":463,"column":51}},"loc":{"start":{"line":463,"column":77},"end":{"line":467,"column":7}},"line":463},"58":{"name":"(anonymous_58)","decl":{"start":{"line":466,"column":30},"end":{"line":466,"column":31}},"loc":{"start":{"line":466,"column":42},"end":{"line":466,"column":619}},"line":466},"59":{"name":"(anonymous_59)","decl":{"start":{"line":470,"column":51},"end":{"line":470,"column":52}},"loc":{"start":{"line":470,"column":77},"end":{"line":476,"column":7}},"line":470},"60":{"name":"(anonymous_60)","decl":{"start":{"line":475,"column":360},"end":{"line":475,"column":361}},"loc":{"start":{"line":475,"column":365},"end":{"line":475,"column":385}},"line":475},"61":{"name":"(anonymous_61)","decl":{"start":{"line":475,"column":463},"end":{"line":475,"column":464}},"loc":{"start":{"line":475,"column":468},"end":{"line":475,"column":488}},"line":475},"62":{"name":"(anonymous_62)","decl":{"start":{"line":475,"column":569},"end":{"line":475,"column":570}},"loc":{"start":{"line":475,"column":574},"end":{"line":475,"column":600}},"line":475},"63":{"name":"(anonymous_63)","decl":{"start":{"line":475,"column":685},"end":{"line":475,"column":686}},"loc":{"start":{"line":475,"column":691},"end":{"line":475,"column":814}},"line":475}},"branchMap":{"0":{"loc":{"start":{"line":10,"column":2},"end":{"line":14,"column":3}},"type":"if","locations":[{"start":{"line":10,"column":2},"end":{"line":14,"column":3}},{"start":{},"end":{}}],"line":10},"1":{"loc":{"start":{"line":10,"column":6},"end":{"line":10,"column":68}},"type":"binary-expr","locations":[{"start":{"line":10,"column":6},"end":{"line":10,"column":10}},{"start":{"line":10,"column":14},"end":{"line":10,"column":38}},{"start":{"line":10,"column":42},"end":{"line":10,"column":68}}],"line":10},"2":{"loc":{"start":{"line":12,"column":6},"end":{"line":13,"column":123}},"type":"if","locations":[{"start":{"line":12,"column":6},"end":{"line":13,"column":123}},{"start":{},"end":{}}],"line":12},"3":{"loc":{"start":{"line":12,"column":10},"end":{"line":12,"column":55}},"type":"binary-expr","locations":[{"start":{"line":12,"column":10},"end":{"line":12,"column":37}},{"start":{"line":12,"column":41},"end":{"line":12,"column":55}}],"line":12},"4":{"loc":{"start":{"line":13,"column":63},"end":{"line":13,"column":119}},"type":"binary-expr","locations":[{"start":{"line":13,"column":63},"end":{"line":13,"column":100}},{"start":{"line":13,"column":104},"end":{"line":13,"column":119}}],"line":13},"5":{"loc":{"start":{"line":44,"column":29},"end":{"line":44,"column":38}},"type":"default-arg","locations":[{"start":{"line":44,"column":36},"end":{"line":44,"column":38}}],"line":44},"6":{"loc":{"start":{"line":45,"column":18},"end":{"line":45,"column":49}},"type":"binary-expr","locations":[{"start":{"line":45,"column":18},"end":{"line":45,"column":30}},{"start":{"line":45,"column":34},"end":{"line":45,"column":49}}],"line":45},"7":{"loc":{"start":{"line":46,"column":18},"end":{"line":46,"column":83}},"type":"cond-expr","locations":[{"start":{"line":46,"column":53},"end":{"line":46,"column":65}},{"start":{"line":46,"column":68},"end":{"line":46,"column":83}}],"line":46},"8":{"loc":{"start":{"line":59,"column":8},"end":{"line":59,"column":47}},"type":"binary-expr","locations":[{"start":{"line":59,"column":8},"end":{"line":59,"column":15}},{"start":{"line":59,"column":19},"end":{"line":59,"column":47}}],"line":59},"9":{"loc":{"start":{"line":65,"column":14},"end":{"line":65,"column":125}},"type":"cond-expr","locations":[{"start":{"line":65,"column":73},"end":{"line":65,"column":118}},{"start":{"line":65,"column":121},"end":{"line":65,"column":125}}],"line":65},"10":{"loc":{"start":{"line":65,"column":14},"end":{"line":65,"column":70}},"type":"binary-expr","locations":[{"start":{"line":65,"column":14},"end":{"line":65,"column":43}},{"start":{"line":65,"column":47},"end":{"line":65,"column":70}}],"line":65},"11":{"loc":{"start":{"line":93,"column":4},"end":{"line":94,"column":18}},"type":"if","locations":[{"start":{"line":93,"column":4},"end":{"line":94,"column":18}},{"start":{},"end":{}}],"line":93},"12":{"loc":{"start":{"line":95,"column":4},"end":{"line":98,"column":5}},"type":"if","locations":[{"start":{"line":95,"column":4},"end":{"line":98,"column":5}},{"start":{},"end":{}}],"line":95},"13":{"loc":{"start":{"line":101,"column":34},"end":{"line":101,"column":45}},"type":"default-arg","locations":[{"start":{"line":101,"column":43},"end":{"line":101,"column":45}}],"line":101},"14":{"loc":{"start":{"line":104,"column":4},"end":{"line":107,"column":5}},"type":"if","locations":[{"start":{"line":104,"column":4},"end":{"line":107,"column":5}},{"start":{},"end":{}}],"line":104},"15":{"loc":{"start":{"line":111,"column":8},"end":{"line":112,"column":52}},"type":"if","locations":[{"start":{"line":111,"column":8},"end":{"line":112,"column":52}},{"start":{},"end":{}}],"line":111},"16":{"loc":{"start":{"line":115,"column":6},"end":{"line":125,"column":7}},"type":"if","locations":[{"start":{"line":115,"column":6},"end":{"line":125,"column":7}},{"start":{},"end":{}}],"line":115},"17":{"loc":{"start":{"line":115,"column":10},"end":{"line":115,"column":77}},"type":"binary-expr","locations":[{"start":{"line":115,"column":10},"end":{"line":115,"column":39}},{"start":{"line":115,"column":43},"end":{"line":115,"column":58}},{"start":{"line":115,"column":62},"end":{"line":115,"column":77}}],"line":115},"18":{"loc":{"start":{"line":117,"column":8},"end":{"line":124,"column":9}},"type":"if","locations":[{"start":{"line":117,"column":8},"end":{"line":124,"column":9}},{"start":{},"end":{}}],"line":117},"19":{"loc":{"start":{"line":117,"column":12},"end":{"line":117,"column":56}},"type":"binary-expr","locations":[{"start":{"line":117,"column":12},"end":{"line":117,"column":32}},{"start":{"line":117,"column":36},"end":{"line":117,"column":56}}],"line":117},"20":{"loc":{"start":{"line":128,"column":8},"end":{"line":131,"column":85}},"type":"if","locations":[{"start":{"line":128,"column":8},"end":{"line":131,"column":85}},{"start":{"line":131,"column":10},"end":{"line":131,"column":85}}],"line":128},"21":{"loc":{"start":{"line":135,"column":6},"end":{"line":136,"column":66}},"type":"if","locations":[{"start":{"line":135,"column":6},"end":{"line":136,"column":66}},{"start":{},"end":{}}],"line":135},"22":{"loc":{"start":{"line":145,"column":30},"end":{"line":145,"column":41}},"type":"default-arg","locations":[{"start":{"line":145,"column":39},"end":{"line":145,"column":41}}],"line":145},"23":{"loc":{"start":{"line":148,"column":4},"end":{"line":157,"column":5}},"type":"if","locations":[{"start":{"line":148,"column":4},"end":{"line":157,"column":5}},{"start":{"line":150,"column":11},"end":{"line":157,"column":5}}],"line":148},"24":{"loc":{"start":{"line":151,"column":6},"end":{"line":154,"column":7}},"type":"if","locations":[{"start":{"line":151,"column":6},"end":{"line":154,"column":7}},{"start":{},"end":{}}],"line":151},"25":{"loc":{"start":{"line":159,"column":6},"end":{"line":160,"column":46}},"type":"if","locations":[{"start":{"line":159,"column":6},"end":{"line":160,"column":46}},{"start":{},"end":{}}],"line":159},"26":{"loc":{"start":{"line":159,"column":10},"end":{"line":159,"column":52}},"type":"binary-expr","locations":[{"start":{"line":159,"column":10},"end":{"line":159,"column":30}},{"start":{"line":159,"column":34},"end":{"line":159,"column":52}}],"line":159},"27":{"loc":{"start":{"line":169,"column":21},"end":{"line":169,"column":197}},"type":"cond-expr","locations":[{"start":{"line":169,"column":54},"end":{"line":169,"column":139}},{"start":{"line":169,"column":142},"end":{"line":169,"column":197}}],"line":169},"28":{"loc":{"start":{"line":173,"column":8},"end":{"line":178,"column":9}},"type":"if","locations":[{"start":{"line":173,"column":8},"end":{"line":178,"column":9}},{"start":{},"end":{}}],"line":173},"29":{"loc":{"start":{"line":175,"column":23},"end":{"line":175,"column":82}},"type":"cond-expr","locations":[{"start":{"line":175,"column":36},"end":{"line":175,"column":66}},{"start":{"line":175,"column":69},"end":{"line":175,"column":82}}],"line":175},"30":{"loc":{"start":{"line":179,"column":8},"end":{"line":182,"column":9}},"type":"if","locations":[{"start":{"line":179,"column":8},"end":{"line":182,"column":9}},{"start":{},"end":{}}],"line":179},"31":{"loc":{"start":{"line":187,"column":8},"end":{"line":188,"column":22}},"type":"if","locations":[{"start":{"line":187,"column":8},"end":{"line":188,"column":22}},{"start":{},"end":{}}],"line":187},"32":{"loc":{"start":{"line":198,"column":4},"end":{"line":199,"column":16}},"type":"if","locations":[{"start":{"line":198,"column":4},"end":{"line":199,"column":16}},{"start":{},"end":{}}],"line":198},"33":{"loc":{"start":{"line":198,"column":8},"end":{"line":198,"column":28}},"type":"binary-expr","locations":[{"start":{"line":198,"column":8},"end":{"line":198,"column":13}},{"start":{"line":198,"column":17},"end":{"line":198,"column":28}}],"line":198},"34":{"loc":{"start":{"line":202,"column":25},"end":{"line":202,"column":33}},"type":"default-arg","locations":[{"start":{"line":202,"column":32},"end":{"line":202,"column":33}}],"line":202},"35":{"loc":{"start":{"line":202,"column":35},"end":{"line":202,"column":48}},"type":"default-arg","locations":[{"start":{"line":202,"column":46},"end":{"line":202,"column":48}}],"line":202},"36":{"loc":{"start":{"line":204,"column":4},"end":{"line":205,"column":16}},"type":"if","locations":[{"start":{"line":204,"column":4},"end":{"line":205,"column":16}},{"start":{},"end":{}}],"line":204},"37":{"loc":{"start":{"line":204,"column":8},"end":{"line":204,"column":28}},"type":"binary-expr","locations":[{"start":{"line":204,"column":8},"end":{"line":204,"column":13}},{"start":{"line":204,"column":17},"end":{"line":204,"column":28}}],"line":204},"38":{"loc":{"start":{"line":208,"column":24},"end":{"line":208,"column":35}},"type":"default-arg","locations":[{"start":{"line":208,"column":33},"end":{"line":208,"column":35}}],"line":208},"39":{"loc":{"start":{"line":209,"column":12},"end":{"line":209,"column":20}},"type":"default-arg","locations":[{"start":{"line":209,"column":19},"end":{"line":209,"column":20}}],"line":209},"40":{"loc":{"start":{"line":209,"column":22},"end":{"line":209,"column":35}},"type":"default-arg","locations":[{"start":{"line":209,"column":33},"end":{"line":209,"column":35}}],"line":209},"41":{"loc":{"start":{"line":211,"column":4},"end":{"line":212,"column":24}},"type":"if","locations":[{"start":{"line":211,"column":4},"end":{"line":212,"column":24}},{"start":{},"end":{}}],"line":211},"42":{"loc":{"start":{"line":213,"column":4},"end":{"line":214,"column":25}},"type":"if","locations":[{"start":{"line":213,"column":4},"end":{"line":214,"column":25}},{"start":{},"end":{}}],"line":213},"43":{"loc":{"start":{"line":215,"column":4},"end":{"line":216,"column":35}},"type":"if","locations":[{"start":{"line":215,"column":4},"end":{"line":216,"column":35}},{"start":{},"end":{}}],"line":215},"44":{"loc":{"start":{"line":217,"column":4},"end":{"line":218,"column":36}},"type":"if","locations":[{"start":{"line":217,"column":4},"end":{"line":218,"column":36}},{"start":{},"end":{}}],"line":217},"45":{"loc":{"start":{"line":222,"column":8},"end":{"line":223,"column":47}},"type":"if","locations":[{"start":{"line":222,"column":8},"end":{"line":223,"column":47}},{"start":{},"end":{}}],"line":222},"46":{"loc":{"start":{"line":222,"column":12},"end":{"line":222,"column":52}},"type":"binary-expr","locations":[{"start":{"line":222,"column":12},"end":{"line":222,"column":31}},{"start":{"line":222,"column":35},"end":{"line":222,"column":52}}],"line":222},"47":{"loc":{"start":{"line":227,"column":19},"end":{"line":227,"column":223}},"type":"cond-expr","locations":[{"start":{"line":227,"column":52},"end":{"line":227,"column":151}},{"start":{"line":227,"column":154},"end":{"line":227,"column":223}}],"line":227},"48":{"loc":{"start":{"line":232,"column":6},"end":{"line":233,"column":86}},"type":"if","locations":[{"start":{"line":232,"column":6},"end":{"line":233,"column":86}},{"start":{},"end":{}}],"line":232},"49":{"loc":{"start":{"line":235,"column":23},"end":{"line":235,"column":59}},"type":"cond-expr","locations":[{"start":{"line":235,"column":44},"end":{"line":235,"column":54}},{"start":{"line":235,"column":57},"end":{"line":235,"column":59}}],"line":235},"50":{"loc":{"start":{"line":235,"column":23},"end":{"line":235,"column":41}},"type":"binary-expr","locations":[{"start":{"line":235,"column":23},"end":{"line":235,"column":27}},{"start":{"line":235,"column":31},"end":{"line":235,"column":41}}],"line":235},"51":{"loc":{"start":{"line":236,"column":26},"end":{"line":236,"column":112}},"type":"binary-expr","locations":[{"start":{"line":236,"column":26},"end":{"line":236,"column":63}},{"start":{"line":236,"column":67},"end":{"line":236,"column":104}},{"start":{"line":236,"column":108},"end":{"line":236,"column":112}}],"line":236},"52":{"loc":{"start":{"line":237,"column":20},"end":{"line":237,"column":66}},"type":"cond-expr","locations":[{"start":{"line":237,"column":34},"end":{"line":237,"column":59}},{"start":{"line":237,"column":62},"end":{"line":237,"column":66}}],"line":237},"53":{"loc":{"start":{"line":245,"column":34},"end":{"line":245,"column":45}},"type":"default-arg","locations":[{"start":{"line":245,"column":43},"end":{"line":245,"column":45}}],"line":245},"54":{"loc":{"start":{"line":246,"column":4},"end":{"line":260,"column":5}},"type":"if","locations":[{"start":{"line":246,"column":4},"end":{"line":260,"column":5}},{"start":{},"end":{}}],"line":246},"55":{"loc":{"start":{"line":246,"column":8},"end":{"line":246,"column":99}},"type":"binary-expr","locations":[{"start":{"line":246,"column":8},"end":{"line":246,"column":27}},{"start":{"line":246,"column":31},"end":{"line":246,"column":65}},{"start":{"line":246,"column":69},"end":{"line":246,"column":99}}],"line":246},"56":{"loc":{"start":{"line":248,"column":6},"end":{"line":254,"column":7}},"type":"if","locations":[{"start":{"line":248,"column":6},"end":{"line":254,"column":7}},{"start":{"line":251,"column":13},"end":{"line":254,"column":7}}],"line":248},"57":{"loc":{"start":{"line":250,"column":41},"end":{"line":250,"column":56}},"type":"binary-expr","locations":[{"start":{"line":250,"column":41},"end":{"line":250,"column":50}},{"start":{"line":250,"column":54},"end":{"line":250,"column":56}}],"line":250},"58":{"loc":{"start":{"line":251,"column":13},"end":{"line":254,"column":7}},"type":"if","locations":[{"start":{"line":251,"column":13},"end":{"line":254,"column":7}},{"start":{},"end":{}}],"line":251},"59":{"loc":{"start":{"line":253,"column":41},"end":{"line":253,"column":74}},"type":"binary-expr","locations":[{"start":{"line":253,"column":41},"end":{"line":253,"column":53}},{"start":{"line":253,"column":57},"end":{"line":253,"column":68}},{"start":{"line":253,"column":72},"end":{"line":253,"column":74}}],"line":253},"60":{"loc":{"start":{"line":255,"column":42},"end":{"line":255,"column":75}},"type":"binary-expr","locations":[{"start":{"line":255,"column":42},"end":{"line":255,"column":55}},{"start":{"line":255,"column":59},"end":{"line":255,"column":70}},{"start":{"line":255,"column":74},"end":{"line":255,"column":75}}],"line":255},"61":{"loc":{"start":{"line":256,"column":41},"end":{"line":256,"column":78}},"type":"binary-expr","locations":[{"start":{"line":256,"column":41},"end":{"line":256,"column":53}},{"start":{"line":256,"column":57},"end":{"line":256,"column":72}},{"start":{"line":256,"column":76},"end":{"line":256,"column":78}}],"line":256},"62":{"loc":{"start":{"line":262,"column":4},"end":{"line":263,"column":29}},"type":"if","locations":[{"start":{"line":262,"column":4},"end":{"line":263,"column":29}},{"start":{},"end":{}}],"line":262},"63":{"loc":{"start":{"line":264,"column":4},"end":{"line":265,"column":31}},"type":"if","locations":[{"start":{"line":264,"column":4},"end":{"line":265,"column":31}},{"start":{},"end":{}}],"line":264},"64":{"loc":{"start":{"line":266,"column":4},"end":{"line":267,"column":35}},"type":"if","locations":[{"start":{"line":266,"column":4},"end":{"line":267,"column":35}},{"start":{},"end":{}}],"line":266},"65":{"loc":{"start":{"line":268,"column":4},"end":{"line":269,"column":33}},"type":"if","locations":[{"start":{"line":268,"column":4},"end":{"line":269,"column":33}},{"start":{},"end":{}}],"line":268},"66":{"loc":{"start":{"line":270,"column":4},"end":{"line":271,"column":29}},"type":"if","locations":[{"start":{"line":270,"column":4},"end":{"line":271,"column":29}},{"start":{},"end":{}}],"line":270},"67":{"loc":{"start":{"line":272,"column":4},"end":{"line":273,"column":29}},"type":"if","locations":[{"start":{"line":272,"column":4},"end":{"line":273,"column":29}},{"start":{},"end":{}}],"line":272},"68":{"loc":{"start":{"line":275,"column":4},"end":{"line":276,"column":18}},"type":"if","locations":[{"start":{"line":275,"column":4},"end":{"line":276,"column":18}},{"start":{},"end":{}}],"line":275},"69":{"loc":{"start":{"line":277,"column":4},"end":{"line":278,"column":42}},"type":"if","locations":[{"start":{"line":277,"column":4},"end":{"line":278,"column":42}},{"start":{},"end":{}}],"line":277},"70":{"loc":{"start":{"line":280,"column":4},"end":{"line":289,"column":21}},"type":"if","locations":[{"start":{"line":280,"column":4},"end":{"line":289,"column":21}},{"start":{"line":282,"column":9},"end":{"line":289,"column":21}}],"line":280},"71":{"loc":{"start":{"line":282,"column":9},"end":{"line":289,"column":21}},"type":"if","locations":[{"start":{"line":282,"column":9},"end":{"line":289,"column":21}},{"start":{"line":284,"column":9},"end":{"line":289,"column":21}}],"line":282},"72":{"loc":{"start":{"line":284,"column":9},"end":{"line":289,"column":21}},"type":"if","locations":[{"start":{"line":284,"column":9},"end":{"line":289,"column":21}},{"start":{"line":286,"column":9},"end":{"line":289,"column":21}}],"line":284},"73":{"loc":{"start":{"line":286,"column":9},"end":{"line":289,"column":21}},"type":"if","locations":[{"start":{"line":286,"column":9},"end":{"line":289,"column":21}},{"start":{"line":289,"column":6},"end":{"line":289,"column":21}}],"line":286},"74":{"loc":{"start":{"line":290,"column":59},"end":{"line":290,"column":112}},"type":"binary-expr","locations":[{"start":{"line":290,"column":59},"end":{"line":290,"column":75}},{"start":{"line":290,"column":79},"end":{"line":290,"column":86}},{"start":{"line":290,"column":90},"end":{"line":290,"column":104}},{"start":{"line":290,"column":108},"end":{"line":290,"column":112}}],"line":290},"75":{"loc":{"start":{"line":290,"column":125},"end":{"line":290,"column":170}},"type":"binary-expr","locations":[{"start":{"line":290,"column":125},"end":{"line":290,"column":137}},{"start":{"line":290,"column":141},"end":{"line":290,"column":153}},{"start":{"line":290,"column":157},"end":{"line":290,"column":164}},{"start":{"line":290,"column":168},"end":{"line":290,"column":170}}],"line":290},"76":{"loc":{"start":{"line":290,"column":179},"end":{"line":290,"column":234}},"type":"binary-expr","locations":[{"start":{"line":290,"column":179},"end":{"line":290,"column":187}},{"start":{"line":290,"column":191},"end":{"line":290,"column":208}},{"start":{"line":290,"column":212},"end":{"line":290,"column":229}},{"start":{"line":290,"column":233},"end":{"line":290,"column":234}}],"line":290},"77":{"loc":{"start":{"line":290,"column":248},"end":{"line":290,"column":299}},"type":"binary-expr","locations":[{"start":{"line":290,"column":248},"end":{"line":290,"column":261}},{"start":{"line":290,"column":265},"end":{"line":290,"column":282}},{"start":{"line":290,"column":286},"end":{"line":290,"column":293}},{"start":{"line":290,"column":297},"end":{"line":290,"column":299}}],"line":290},"78":{"loc":{"start":{"line":290,"column":310},"end":{"line":290,"column":349}},"type":"binary-expr","locations":[{"start":{"line":290,"column":310},"end":{"line":290,"column":320}},{"start":{"line":290,"column":324},"end":{"line":290,"column":330}},{"start":{"line":290,"column":334},"end":{"line":290,"column":341}},{"start":{"line":290,"column":345},"end":{"line":290,"column":349}}],"line":290},"79":{"loc":{"start":{"line":290,"column":359},"end":{"line":290,"column":389}},"type":"binary-expr","locations":[{"start":{"line":290,"column":359},"end":{"line":290,"column":367}},{"start":{"line":290,"column":371},"end":{"line":290,"column":381}},{"start":{"line":290,"column":385},"end":{"line":290,"column":389}}],"line":290},"80":{"loc":{"start":{"line":295,"column":6},"end":{"line":296,"column":48}},"type":"if","locations":[{"start":{"line":295,"column":6},"end":{"line":296,"column":48}},{"start":{},"end":{}}],"line":295},"81":{"loc":{"start":{"line":295,"column":10},"end":{"line":295,"column":71}},"type":"binary-expr","locations":[{"start":{"line":295,"column":10},"end":{"line":295,"column":19}},{"start":{"line":295,"column":23},"end":{"line":295,"column":71}}],"line":295},"82":{"loc":{"start":{"line":299,"column":4},"end":{"line":300,"column":16}},"type":"if","locations":[{"start":{"line":299,"column":4},"end":{"line":300,"column":16}},{"start":{},"end":{}}],"line":299},"83":{"loc":{"start":{"line":302,"column":4},"end":{"line":303,"column":16}},"type":"if","locations":[{"start":{"line":302,"column":4},"end":{"line":303,"column":16}},{"start":{},"end":{}}],"line":302},"84":{"loc":{"start":{"line":305,"column":22},"end":{"line":305,"column":103}},"type":"cond-expr","locations":[{"start":{"line":305,"column":55},"end":{"line":305,"column":58}},{"start":{"line":305,"column":61},"end":{"line":305,"column":103}}],"line":305},"85":{"loc":{"start":{"line":305,"column":61},"end":{"line":305,"column":103}},"type":"cond-expr","locations":[{"start":{"line":305,"column":94},"end":{"line":305,"column":97}},{"start":{"line":305,"column":100},"end":{"line":305,"column":103}}],"line":305},"86":{"loc":{"start":{"line":312,"column":8},"end":{"line":320,"column":9}},"type":"if","locations":[{"start":{"line":312,"column":8},"end":{"line":320,"column":9}},{"start":{},"end":{}}],"line":312},"87":{"loc":{"start":{"line":313,"column":10},"end":{"line":317,"column":11}},"type":"if","locations":[{"start":{"line":313,"column":10},"end":{"line":317,"column":11}},{"start":{},"end":{}}],"line":313},"88":{"loc":{"start":{"line":313,"column":14},"end":{"line":313,"column":45}},"type":"binary-expr","locations":[{"start":{"line":313,"column":14},"end":{"line":313,"column":22}},{"start":{"line":313,"column":26},"end":{"line":313,"column":45}}],"line":313},"89":{"loc":{"start":{"line":321,"column":8},"end":{"line":325,"column":9}},"type":"if","locations":[{"start":{"line":321,"column":8},"end":{"line":325,"column":9}},{"start":{},"end":{}}],"line":321},"90":{"loc":{"start":{"line":321,"column":12},"end":{"line":321,"column":41}},"type":"binary-expr","locations":[{"start":{"line":321,"column":12},"end":{"line":321,"column":21}},{"start":{"line":321,"column":25},"end":{"line":321,"column":41}}],"line":321},"91":{"loc":{"start":{"line":336,"column":25},"end":{"line":336,"column":39}},"type":"binary-expr","locations":[{"start":{"line":336,"column":25},"end":{"line":336,"column":33}},{"start":{"line":336,"column":37},"end":{"line":336,"column":39}}],"line":336},"92":{"loc":{"start":{"line":339,"column":57},"end":{"line":339,"column":104}},"type":"binary-expr","locations":[{"start":{"line":339,"column":57},"end":{"line":339,"column":63}},{"start":{"line":339,"column":67},"end":{"line":339,"column":76}},{"start":{"line":339,"column":80},"end":{"line":339,"column":96}},{"start":{"line":339,"column":100},"end":{"line":339,"column":104}}],"line":339},"93":{"loc":{"start":{"line":339,"column":117},"end":{"line":339,"column":159}},"type":"binary-expr","locations":[{"start":{"line":339,"column":117},"end":{"line":339,"column":128}},{"start":{"line":339,"column":132},"end":{"line":339,"column":143}},{"start":{"line":339,"column":147},"end":{"line":339,"column":153}},{"start":{"line":339,"column":157},"end":{"line":339,"column":159}}],"line":339},"94":{"loc":{"start":{"line":339,"column":168},"end":{"line":339,"column":310}},"type":"binary-expr","locations":[{"start":{"line":339,"column":168},"end":{"line":339,"column":305}},{"start":{"line":339,"column":309},"end":{"line":339,"column":310}}],"line":339},"95":{"loc":{"start":{"line":339,"column":182},"end":{"line":339,"column":238}},"type":"binary-expr","locations":[{"start":{"line":339,"column":182},"end":{"line":339,"column":189}},{"start":{"line":339,"column":193},"end":{"line":339,"column":210}},{"start":{"line":339,"column":214},"end":{"line":339,"column":231}},{"start":{"line":339,"column":235},"end":{"line":339,"column":238}}],"line":339},"96":{"loc":{"start":{"line":339,"column":324},"end":{"line":339,"column":389}},"type":"binary-expr","locations":[{"start":{"line":339,"column":324},"end":{"line":339,"column":336}},{"start":{"line":339,"column":340},"end":{"line":339,"column":346}},{"start":{"line":339,"column":350},"end":{"line":339,"column":367}},{"start":{"line":339,"column":371},"end":{"line":339,"column":383}},{"start":{"line":339,"column":387},"end":{"line":339,"column":389}}],"line":339},"97":{"loc":{"start":{"line":339,"column":400},"end":{"line":339,"column":436}},"type":"binary-expr","locations":[{"start":{"line":339,"column":400},"end":{"line":339,"column":405}},{"start":{"line":339,"column":409},"end":{"line":339,"column":415}},{"start":{"line":339,"column":419},"end":{"line":339,"column":428}},{"start":{"line":339,"column":432},"end":{"line":339,"column":436}}],"line":339},"98":{"loc":{"start":{"line":339,"column":446},"end":{"line":339,"column":474}},"type":"binary-expr","locations":[{"start":{"line":339,"column":446},"end":{"line":339,"column":453}},{"start":{"line":339,"column":457},"end":{"line":339,"column":466}},{"start":{"line":339,"column":470},"end":{"line":339,"column":474}}],"line":339},"99":{"loc":{"start":{"line":343,"column":26},"end":{"line":343,"column":75}},"type":"cond-expr","locations":[{"start":{"line":343,"column":57},"end":{"line":343,"column":70}},{"start":{"line":343,"column":73},"end":{"line":343,"column":75}}],"line":343},"100":{"loc":{"start":{"line":348,"column":17},"end":{"line":348,"column":219}},"type":"cond-expr","locations":[{"start":{"line":348,"column":53},"end":{"line":348,"column":140}},{"start":{"line":348,"column":143},"end":{"line":348,"column":219}}],"line":348},"101":{"loc":{"start":{"line":354,"column":6},"end":{"line":359,"column":7}},"type":"if","locations":[{"start":{"line":354,"column":6},"end":{"line":359,"column":7}},{"start":{"line":356,"column":13},"end":{"line":359,"column":7}}],"line":354},"102":{"loc":{"start":{"line":354,"column":10},"end":{"line":354,"column":85}},"type":"binary-expr","locations":[{"start":{"line":354,"column":10},"end":{"line":354,"column":39}},{"start":{"line":354,"column":43},"end":{"line":354,"column":85}}],"line":354},"103":{"loc":{"start":{"line":356,"column":13},"end":{"line":359,"column":7}},"type":"if","locations":[{"start":{"line":356,"column":13},"end":{"line":359,"column":7}},{"start":{},"end":{}}],"line":356},"104":{"loc":{"start":{"line":356,"column":17},"end":{"line":356,"column":92}},"type":"binary-expr","locations":[{"start":{"line":356,"column":17},"end":{"line":356,"column":46}},{"start":{"line":356,"column":50},"end":{"line":356,"column":92}}],"line":356},"105":{"loc":{"start":{"line":365,"column":11},"end":{"line":365,"column":42}},"type":"binary-expr","locations":[{"start":{"line":365,"column":11},"end":{"line":365,"column":30}},{"start":{"line":365,"column":34},"end":{"line":365,"column":42}}],"line":365},"106":{"loc":{"start":{"line":369,"column":11},"end":{"line":369,"column":66}},"type":"cond-expr","locations":[{"start":{"line":369,"column":47},"end":{"line":369,"column":53}},{"start":{"line":369,"column":56},"end":{"line":369,"column":66}}],"line":369},"107":{"loc":{"start":{"line":373,"column":11},"end":{"line":373,"column":33}},"type":"binary-expr","locations":[{"start":{"line":373,"column":11},"end":{"line":373,"column":25}},{"start":{"line":373,"column":29},"end":{"line":373,"column":33}}],"line":373},"108":{"loc":{"start":{"line":387,"column":4},"end":{"line":388,"column":13}},"type":"if","locations":[{"start":{"line":387,"column":4},"end":{"line":388,"column":13}},{"start":{},"end":{}}],"line":387},"109":{"loc":{"start":{"line":392,"column":6},"end":{"line":393,"column":39}},"type":"if","locations":[{"start":{"line":392,"column":6},"end":{"line":393,"column":39}},{"start":{},"end":{}}],"line":392},"110":{"loc":{"start":{"line":404,"column":4},"end":{"line":405,"column":66}},"type":"if","locations":[{"start":{"line":404,"column":4},"end":{"line":405,"column":66}},{"start":{},"end":{}}],"line":404},"111":{"loc":{"start":{"line":406,"column":4},"end":{"line":407,"column":56}},"type":"if","locations":[{"start":{"line":406,"column":4},"end":{"line":407,"column":56}},{"start":{},"end":{}}],"line":406},"112":{"loc":{"start":{"line":408,"column":4},"end":{"line":409,"column":96}},"type":"if","locations":[{"start":{"line":408,"column":4},"end":{"line":409,"column":96}},{"start":{},"end":{}}],"line":408},"113":{"loc":{"start":{"line":414,"column":4},"end":{"line":420,"column":5}},"type":"if","locations":[{"start":{"line":414,"column":4},"end":{"line":420,"column":5}},{"start":{},"end":{}}],"line":414},"114":{"loc":{"start":{"line":427,"column":0},"end":{"line":430,"column":1}},"type":"if","locations":[{"start":{"line":427,"column":0},"end":{"line":430,"column":1}},{"start":{},"end":{}}],"line":427},"115":{"loc":{"start":{"line":432,"column":0},"end":{"line":435,"column":2}},"type":"binary-expr","locations":[{"start":{"line":432,"column":0},"end":{"line":432,"column":1}},{"start":{"line":432,"column":6},"end":{"line":435,"column":1}}],"line":432},"116":{"loc":{"start":{"line":438,"column":0},"end":{"line":438,"column":119}},"type":"if","locations":[{"start":{"line":438,"column":0},"end":{"line":438,"column":119}},{"start":{},"end":{}}],"line":438},"117":{"loc":{"start":{"line":438,"column":4},"end":{"line":438,"column":77}},"type":"binary-expr","locations":[{"start":{"line":438,"column":4},"end":{"line":438,"column":33}},{"start":{"line":438,"column":37},"end":{"line":438,"column":51}},{"start":{"line":438,"column":55},"end":{"line":438,"column":77}}],"line":438},"118":{"loc":{"start":{"line":441,"column":0},"end":{"line":441,"column":311}},"type":"if","locations":[{"start":{"line":441,"column":0},"end":{"line":441,"column":311}},{"start":{},"end":{}}],"line":441},"119":{"loc":{"start":{"line":441,"column":4},"end":{"line":441,"column":51}},"type":"binary-expr","locations":[{"start":{"line":441,"column":4},"end":{"line":441,"c
[...]
mn":106},"end":{"line":79,"column":115}}],"line":79},"38":{"loc":{"start":{"line":80,"column":20},"end":{"line":80,"column":142}},"type":"if","locations":[{"start":{"line":80,"column":20},"end":{"line":80,"column":142}},{"start":{},"end":{}}],"line":80},"39":{"loc":{"start":{"line":80,"column":24},"end":{"line":80,"column":61}},"type":"binary-expr","locations":[{"start":{"line":80,"column":24},"end":{"line":80,"column":43}},{"start":{"line":80,"column":47},"end":{"line":80,"column":61}}],"line":80},"40":{"loc":{"start":{"line":80,"column":103},"end":{"line":80,"column":140}},"type":"binary-expr","locations":[{"start":{"line":80,"column":103},"end":{"line":80,"column":122}},{"start":{"line":80,"column":126},"end":{"line":80,"column":140}}],"line":80},"41":{"loc":{"start":{"line":83,"column":20},"end":{"line":83,"column":119}},"type":"if","locations":[{"start":{"line":83,"column":20},"end":{"line":83,"column":119}},{"start":{},"end":{}}],"line":83},"42":{"loc":{"start":{"line":83,"column":24},"end":{"line":83,"column":39}},"type":"binary-expr","locations":[{"start":{"line":83,"column":24},"end":{"line":83,"column":28}},{"start":{"line":83,"column":32},"end":{"line":83,"column":39}}],"line":83},"43":{"loc":{"start":{"line":85,"column":37},"end":{"line":85,"column":73}},"type":"cond-expr","locations":[{"start":{"line":85,"column":58},"end":{"line":85,"column":68}},{"start":{"line":85,"column":71},"end":{"line":85,"column":73}}],"line":85},"44":{"loc":{"start":{"line":85,"column":37},"end":{"line":85,"column":55}},"type":"binary-expr","locations":[{"start":{"line":85,"column":37},"end":{"line":85,"column":41}},{"start":{"line":85,"column":45},"end":{"line":85,"column":55}}],"line":85},"45":{"loc":{"start":{"line":85,"column":161},"end":{"line":85,"column":176}},"type":"binary-expr","locations":[{"start":{"line":85,"column":161},"end":{"line":85,"column":170}},{"start":{"line":85,"column":174},"end":{"line":85,"column":176}}],"line":85},"46":{"loc":{"start":{"line":86,"column":40},"end":{"line":86,"column":172}},"type":"cond-expr","locations":[{"start":{"line":86,"column":97},"end":{"line":86,"column":165}},{"start":{"line":86,"column":168},"end":{"line":86,"column":172}}],"line":86},"47":{"loc":{"start":{"line":86,"column":41},"end":{"line":86,"column":93}},"type":"binary-expr","locations":[{"start":{"line":86,"column":41},"end":{"line":86,"column":52}},{"start":{"line":86,"column":56},"end":{"line":86,"column":93}}],"line":86},"48":{"loc":{"start":{"line":86,"column":97},"end":{"line":86,"column":165}},"type":"binary-expr","locations":[{"start":{"line":86,"column":97},"end":{"line":86,"column":129}},{"start":{"line":86,"column":133},"end":{"line":86,"column":165}}],"line":86},"49":{"loc":{"start":{"line":87,"column":34},"end":{"line":87,"column":80}},"type":"cond-expr","locations":[{"start":{"line":87,"column":48},"end":{"line":87,"column":73}},{"start":{"line":87,"column":76},"end":{"line":87,"column":80}}],"line":87},"50":{"loc":{"start":{"line":94,"column":24},"end":{"line":96,"column":25}},"type":"if","locations":[{"start":{"line":94,"column":24},"end":{"line":96,"column":25}},{"start":{},"end":{}}],"line":94},"51":{"loc":{"start":{"line":95,"column":73},"end":{"line":95,"column":156}},"type":"if","locations":[{"start":{"line":95,"column":73},"end":{"line":95,"column":156}},{"start":{},"end":{}}],"line":95},"52":{"loc":{"start":{"line":95,"column":77},"end":{"line":95,"column":122}},"type":"binary-expr","locations":[{"start":{"line":95,"column":77},"end":{"line":95,"column":78}},{"start":{"line":95,"column":82},"end":{"line":95,"column":122}}],"line":95},"53":{"loc":{"start":{"line":97,"column":24},"end":{"line":97,"column":145}},"type":"if","locations":[{"start":{"line":97,"column":24},"end":{"line":97,"column":145}},{"start":{},"end":{}}],"line":97},"54":{"loc":{"start":{"line":97,"column":28},"end":{"line":97,"column":106}},"type":"binary-expr","locations":[{"start":{"line":97,"column":28},"end":{"line":97,"column":57}},{"start":{"line":97,"column":61},"end":{"line":97,"column":106}}],"line":97}},"s":{"0":1,"1":1,"2":1,"3":1,"4":1,"5":1,"6":1,"7":1,"8":1,"9":1,"10":0,"11":1,"12":1,"13":0,"14":0,"15":0,"16":0,"17":0,"18":1,"19":0,"20":0,"21":0,"22":0,"23":0,"24":0,"25":0,"26":0,"27":0,"28":0,"29":0,"30":0,"31":0,"32":0,"33":0,"34":0,"35":0,"36":0,"37":0,"38":0,"39":0,"40":0,"41":0,"42":0,"43":0,"44":0,"45":0,"46":0,"47":0,"48":0,"49":0,"50":0,"51":0,"52":0,"53":0,"54":0,"55":0,"56":0,"57":0,"58":0,"59":0,"60":0,"61":0,"62":0,"63":0,"64":0,"65":0,"66":0,"67":0,"68":0,"69":0,"70":0,"71":0,"72":0,"73":0,"74":0,"75":0,"76":0,"77":0,"78":0,"79":0,"80":0,"81":0,"82":0,"83":0,"84":0,"85":0,"86":0,"87":0,"88":0,"89":0,"90":0,"91":0,"92":0,"93":0,"94":0,"95":0,"96":0,"97":0,"98":0},"f":{"0":0,"1":0,"2":0,"3":0,"4":0,"5":0,"6":0,"7":0,"8":0,"9":0,"10":0},"b":{"0":[1,0],"1":[1,1],"2":[1,0],"3":[1,0],"4":[0,1],"5":[1,1],"6":[0,1],"7":[0,0],"8":[0,0],"9":[0,0],"10":[0,1],"11":[0,0],"12":[0,0],"13":[0,0],"14":[0,0],"15":[0,0],"16":[0,0],"17":[0,0],"18":[0,0],"19":[0,0],"20":[0,0],"21":[0,0,0,0,0],"22":[0,0],"23":[0,0],"24":[0,0],"25":[0,0],"26":[0,0,0,0],"27":[0,0,0],"28":[0,0,0],"29":[0,0,0],"30":[0,0],"31":[0],"32":[0,0],"33":[0,0,0],"34":[0,0],"35":[0,0],"36":[0,0],"37":[0,0],"38":[0,0],"39":[0,0],"40":[0,0],"41":[0,0],"42":[0,0],"43":[0,0],"44":[0,0],"45":[0,0],"46":[0,0],"47":[0,0],"48":[0,0],"49":[0,0],"50":[0,0],"51":[0,0],"52":[0,0],"53":[0,0],"54":[0,0]},"_coverageSchema":"1a1c01bbd47fc00a2c39e90264f33305004495a9","hash":"0918485aab7881e725695efc5f7bd45de6bdc8ea"},"/home/runner/work/TransparenciaPolitica/TransparenciaPolitica/lib/csv-parser.js":{"path":"/home/runner/work/TransparenciaPolitica/TransparenciaPolitica/lib/csv-parser.js","statementMap":{"0":{"start":{"line":3,"column":4},"end":{"line":3,"column":25}},"1":{"start":{"line":3,"column":15},"end":{"line":3,"column":25}},"2":{"start":{"line":5,"column":18},"end":{"line":5,"column":72}},"3":{"start":{"line":5,"column":47},"end":{"line":5,"column":55}},"4":{"start":{"line":6,"column":4},"end":{"line":6,"column":38}},"5":{"start":{"line":6,"column":28},"end":{"line":6,"column":38}},"6":{"start":{"line":9,"column":23},"end":{"line":9,"column":31}},"7":{"start":{"line":10,"column":16},"end":{"line":10,"column":19}},"8":{"start":{"line":11,"column":23},"end":{"line":11,"column":60}},"9":{"start":{"line":12,"column":22},"end":{"line":12,"column":59}},"10":{"start":{"line":13,"column":21},"end":{"line":13,"column":59}},"11":{"start":{"line":14,"column":4},"end":{"line":15,"column":74}},"12":{"start":{"line":14,"column":57},"end":{"line":14,"column":69}},"13":{"start":{"line":15,"column":9},"end":{"line":15,"column":74}},"14":{"start":{"line":15,"column":61},"end":{"line":15,"column":74}},"15":{"start":{"line":19,"column":22},"end":{"line":19,"column":24}},"16":{"start":{"line":20,"column":18},"end":{"line":20,"column":20}},"17":{"start":{"line":21,"column":23},"end":{"line":21,"column":28}},"18":{"start":{"line":22,"column":8},"end":{"line":33,"column":9}},"19":{"start":{"line":22,"column":21},"end":{"line":22,"column":22}},"20":{"start":{"line":23,"column":23},"end":{"line":23,"column":30}},"21":{"start":{"line":24,"column":12},"end":{"line":28,"column":13}},"22":{"start":{"line":25,"column":16},"end":{"line":25,"column":81}},"23":{"start":{"line":25,"column":53},"end":{"line":25,"column":64}},"24":{"start":{"line":25,"column":65},"end":{"line":25,"column":69}},"25":{"start":{"line":25,"column":70},"end":{"line":25,"column":79}},"26":{"start":{"line":26,"column":16},"end":{"line":26,"column":37}},"27":{"start":{"line":27,"column":16},"end":{"line":27,"column":25}},"28":{"start":{"line":29,"column":12},"end":{"line":31,"column":13}},"29":{"start":{"line":30,"column":16},"end":{"line":30,"column":39}},"30":{"start":{"line":30,"column":40},"end":{"line":30,"column":49}},"31":{"start":{"line":30,"column":50},"end":{"line":30,"column":59}},"32":{"start":{"line":32,"column":12},"end":{"line":32,"column":22}},"33":{"start":{"line":34,"column":8},"end":{"line":34,"column":31}},"34":{"start":{"line":35,"column":8},"end":{"line":35,"column":21}},"35":{"start":{"line":38,"column":19},"end":{"line":38,"column":109}},"36":{"start":{"line":38,"column":48},"end":{"line":38,"column":108}},"37":{"start":{"line":40,"column":17},"end":{"line":50,"column":6}},"38":{"start":{"line":41,"column":22},"end":{"line":41,"column":37}},"39":{"start":{"line":42,"column":20},"end":{"line":42,"column":22}},"40":{"start":{"line":44,"column":8},"end":{"line":47,"column":9}},"41":{"start":{"line":45,"column":25},"end":{"line":45,"column":67}},"42":{"start":{"line":46,"column":12},"end":{"line":46,"column":86}},"43":{"start":{"line":48,"column":8},"end":{"line":48,"column":89}},"44":{"start":{"line":48,"column":21},"end":{"line":48,"column":22}},"45":{"start":{"line":48,"column":48},"end":{"line":48,"column":89}},"46":{"start":{"line":49,"column":8},"end":{"line":49,"column":19}},"47":{"start":{"line":52,"column":23},"end":{"line":77,"column":6}},"48":{"start":{"line":54,"column":25},"end":{"line":54,"column":158}},"49":{"start":{"line":56,"column":22},"end":{"line":56,"column":58}},"50":{"start":{"line":57,"column":8},"end":{"line":66,"column":9}},"51":{"start":{"line":59,"column":12},"end":{"line":59,"column":68}},"52":{"start":{"line":60,"column":15},"end":{"line":66,"column":9}},"53":{"start":{"line":62,"column":12},"end":{"line":62,"column":49}},"54":{"start":{"line":67,"column":22},"end":{"line":67,"column":42}},"55":{"start":{"line":68,"column":8},"end":{"line":76,"column":10}},"56":{"start":{"line":79,"column":4},"end":{"line":79,"column":22}},"57":{"start":{"line":82,"column":0},"end":{"line":82,"column":91}},"58":{"start":{"line":82,"column":53},"end":{"line":82,"column":91}}},"fnMap":{"0":{"name":"parseDespesasCSV","decl":{"start":{"line":2,"column":9},"end":{"line":2,"column":25}},"loc":{"start":{"line":2,"column":32},"end":{"line":80,"column":1}},"line":2},"1":{"name":"(anonymous_1)","decl":{"start":{"line":5,"column":42},"end":{"line":5,"column":43}},"loc":{"start":{"line":5,"column":47},"end":{"line":5,"column":55}},"line":5},"2":{"name":"splitLine","decl":{"start":{"line":18,"column":13},"end":{"line":18,"column":22}},"loc":{"start":{"line":18,"column":29},"end":{"line":36,"column":5}},"line":18},"3":{"name":"(anonymous_3)","decl":{"start":{"line":38,"column":43},"end":{"line":38,"column":44}},"loc":{"start":{"line":38,"column":48},"end":{"line":38,"column":108}},"line":38},"4":{"name":"(anonymous_4)","decl":{"start":{"line":40,"column":36},"end":{"line":40,"column":37}},"loc":{"start":{"line":40,"column":44},"end":{"line":50,"column":5}},"line":40},"5":{"name":"(anonymous_5)","decl":{"start":{"line":52,"column":32},"end":{"line":52,"column":33}},"loc":{"start":{"line":52,"column":37},"end":{"line":77,"column":5}},"line":52}},"branchMap":{"0":{"loc":{"start":{"line":3,"column":4},"end":{"line":3,"column":25}},"type":"if","locations":[{"start":{"line":3,"column":4},"end":{"line":3,"column":25}},{"start":{},"end":{}}],"line":3},"1":{"loc":{"start":{"line":6,"column":4},"end":{"line":6,"column":38}},"type":"if","locations":[{"start":{"line":6,"column":4},"end":{"line":6,"column":38}},{"start":{},"end":{}}],"line":6},"2":{"loc":{"start":{"line":11,"column":24},"end":{"line":11,"column":52}},"type":"binary-expr","locations":[{"start":{"line":11,"column":24},"end":{"line":11,"column":46}},{"start":{"line":11,"column":50},"end":{"line":11,"column":52}}],"line":11},"3":{"loc":{"start":{"line":12,"column":23},"end":{"line":12,"column":51}},"type":"binary-expr","locations":[{"start":{"line":12,"column":23},"end":{"line":12,"column":45}},{"start":{"line":12,"column":49},"end":{"line":12,"column":51}}],"line":12},"4":{"loc":{"start":{"line":13,"column":22},"end":{"line":13,"column":51}},"type":"binary-expr","locations":[{"start":{"line":13,"column":22},"end":{"line":13,"column":45}},{"start":{"line":13,"column":49},"end":{"line":13,"column":51}}],"line":13},"5":{"loc":{"start":{"line":14,"column":4},"end":{"line":15,"column":74}},"type":"if","locations":[{"start":{"line":14,"column":4},"end":{"line":15,"column":74}},{"start":{"line":15,"column":9},"end":{"line":15,"column":74}}],"line":14},"6":{"loc":{"start":{"line":14,"column":8},"end":{"line":14,"column":55}},"type":"binary-expr","locations":[{"start":{"line":14,"column":8},"end":{"line":14,"column":30}},{"start":{"line":14,"column":34},"end":{"line":14,"column":55}}],"line":14},"7":{"loc":{"start":{"line":15,"column":9},"end":{"line":15,"column":74}},"type":"if","locations":[{"start":{"line":15,"column":9},"end":{"line":15,"column":74}},{"start":{},"end":{}}],"line":15},"8":{"loc":{"start":{"line":15,"column":13},"end":{"line":15,"column":59}},"type":"binary-expr","locations":[{"start":{"line":15,"column":13},"end":{"line":15,"column":34}},{"start":{"line":15,"column":38},"end":{"line":15,"column":59}}],"line":15},"9":{"loc":{"start":{"line":24,"column":12},"end":{"line":28,"column":13}},"type":"if","locations":[{"start":{"line":24,"column":12},"end":{"line":28,"column":13}},{"start":{},"end":{}}],"line":24},"10":{"loc":{"start":{"line":25,"column":16},"end":{"line":25,"column":81}},"type":"if","locations":[{"start":{"line":25,"column":16},"end":{"line":25,"column":81}},{"start":{},"end":{}}],"line":25},"11":{"loc":{"start":{"line":25,"column":20},"end":{"line":25,"column":49}},"type":"binary-expr","locations":[{"start":{"line":25,"column":20},"end":{"line":25,"column":28}},{"start":{"line":25,"column":32},"end":{"line":25,"column":49}}],"line":25},"12":{"loc":{"start":{"line":29,"column":12},"end":{"line":31,"column":13}},"type":"if","locations":[{"start":{"line":29,"column":12},"end":{"line":31,"column":13}},{"start":{},"end":{}}],"line":29},"13":{"loc":{"start":{"line":29,"column":16},"end":{"line":29,"column":41}},"type":"binary-expr","locations":[{"start":{"line":29,"column":16},"end":{"line":29,"column":25}},{"start":{"line":29,"column":29},"end":{"line":29,"column":41}}],"line":29},"14":{"loc":{"start":{"line":44,"column":8},"end":{"line":47,"column":9}},"type":"if","locations":[{"start":{"line":44,"column":8},"end":{"line":47,"column":9}},{"start":{},"end":{}}],"line":44},"15":{"loc":{"start":{"line":44,"column":12},"end":{"line":44,"column":61}},"type":"binary-expr","locations":[{"start":{"line":44,"column":12},"end":{"line":44,"column":40}},{"start":{"line":44,"column":44},"end":{"line":44,"column":61}}],"line":44},"16":{"loc":{"start":{"line":48,"column":66},"end":{"line":48,"column":80}},"type":"binary-expr","locations":[{"start":{"line":48,"column":66},"end":{"line":48,"column":74}},{"start":{"line":48,"column":78},"end":{"line":48,"column":80}}],"line":48},"17":{"loc":{"start":{"line":54,"column":26},"end":{"line":54,"column":146}},"type":"binary-expr","locations":[{"start":{"line":54,"column":26},"end":{"line":54,"column":33}},{"start":{"line":54,"column":37},"end":{"line":54,"column":53}},{"start":{"line":54,"column":57},"end":{"line":54,"column":74}},{"start":{"line":54,"column":78},"end":{"line":54,"column":95}},{"start":{"line":54,"column":99},"end":{"line":54,"column":115}},{"start":{"line":54,"column":119},"end":{"line":54,"column":139}},{"start":{"line":54,"column":143},"end":{"line":54,"column":146}}],"line":54},"18":{"loc":{"start":{"line":57,"column":8},"end":{"line":66,"column":9}},"type":"if","locations":[{"start":{"line":57,"column":8},"end":{"line":66,"column":9}},{"start":{"line":60,"column":15},"end":{"line":66,"column":9}}],"line":57},"19":{"loc":{"start":{"line":57,"column":12},"end":{"line":57,"column":66}},"type":"binary-expr","locations":[{"start":{"line":57,"column":12},"end":{"line":57,"column":37}},{"start":{"line":57,"column":41},"end":{"line":57,"column":66}}],"line":57},"20":{"loc":{"start":{"line":60,"column":15},"end":{"line":66,"column":9}},"type":"if","locations":[{"start":{"line":60,"column":15},"end":{"line":66,"column":9}},{"start":{"line":63,"column":15},"end":{"line":66,"column":9}}],"line":60},"21":{"loc":{"start":{"line":60,"column":19},"end":{"line":60,"column":75}},"type":"binary-expr","locations":[{"start":{"line":60,"column":19},"end":{"line":60,"column":44}},{"start":{"line":60,"column":48},"end":{"line":60,"column":75}}],"line":60},"22":{"loc":{"start":{"line":67,"column":22},"end":{"line":67,"column":42}},"type":"binary-expr","locations":[{"start":{"line":67,"column":22},"end":{"line":67,"column":37}},{"start":{"line":67,"column":41},"end":{"line":67,"column":42}}],"line":67},"23":{"loc":{"start":{"line":69,"column":27},"end":{"line":69,"column":93}},"type":"binary-expr","locations":[{"start":{"line":69,"column":27},"end":{"line":69,"column":33}},{"start":{"line":69,"column":37},"end":{"line":69,"column":46}},{"start":{"line":69,"column":50},"end":{"line":69,"column":66}},{"start":{"line":69,"column":70},"end":{"line":69,"column":85}},{"start":{"line":69,"column":89},"end":{"line":69,"column":93}}],"line":69},"24":{"loc":{"start":{"line":70,"column":23},"end":{"line":70,"column":80}},"type":"binary-expr","locations":[{"start":{"line":70,"column":23},"end":{"line":70,"column":34}},{"start":{"line":70,"column":38},"end":{"line":70,"column":49}},{"start":{"line":70,"column":53},"end":{"line":70,"column":59}},{"start":{"line":70,"column":63},"end":{"line":70,"column":74}},{"start":{"line":70,"column":78},"end":{"line":70,"column":80}}],"line":70},"25":{"loc":{"start":{"line":72,"column":24},"end":{"line":72,"column":89}},"type":"binary-expr","locations":[{"start":{"line":72,"column":24},"end":{"line":72,"column":36}},{"start":{"line":72,"column":40},"end":{"line":72,"column":46}},{"start":{"line":72,"column":50},"end":{"line":72,"column":67}},{"start":{"line":72,"column":71},"end":{"line":72,"column":83}},{"start":{"line":72,"column":87},"end":{"line":72,"column":89}}],"line":72},"26":{"loc":{"start":{"line":73,"column":21},"end":{"line":73,"column":57}},"type":"binary-expr","locations":[{"start":{"line":73,"column":21},"end":{"line":73,"column":26}},{"start":{"line":73,"column":30},"end":{"line":73,"column":36}},{"start":{"line":73,"column":40},"end":{"line":73,"column":49}},{"start":{"line":73,"column":53},"end":{"line":73,"column":57}}],"line":73},"27":{"loc":{"start":{"line":74,"column":20},"end":{"line":74,"column":66}},"type":"binary-expr","locations":[{"start":{"line":74,"column":20},"end":{"line":74,"column":27}},{"start":{"line":74,"column":31},"end":{"line":74,"column":40}},{"start":{"line":74,"column":44},"end":{"line":74,"column":58}},{"start":{"line":74,"column":62},"end":{"line":74,"column":66}}],"line":74},"28":{"loc":{"start":{"line":82,"column":0},"end":{"line":82,"column":91}},"type":"if","locations":[{"start":{"line":82,"column":0},"end":{"line":82,"column":91}},{"start":{},"end":{}}],"line":82},"29":{"loc":{"start":{"line":82,"column":4},"end":{"line":82,"column":51}},"type":"binary-expr","locations":[{"start":{"line":82,"column":4},"end":{"line":82,"column":33}},{"start":{"line":82,"column":37},"end":{"line":82,"column":51}}],"line":82}},"s":{"0":2,"1":0,"2":2,"3":5,"4":2,"5":0,"6":2,"7":2,"8":2,"9":2,"10":2,"11":2,"12":1,"13":1,"14":0,"15":5,"16":5,"17":5,"18":5,"19":5,"20":189,"21":189,"22":4,"23":0,"24":0,"25":0,"26":4,"27":4,"28":185,"29":15,"30":15,"31":15,"32":170,"33":5,"34":5,"35":2,"36":8,"37":2,"38":3,"39":3,"40":3,"41":0,"42":0,"43":3,"44":3,"45":12,"46":3,"47":2,"48":3,"49":3,"50":3,"51":1,"52":2,"53":1,"54":3,"55":3,"56":2,"57":1,"58":1},"f":{"0":2,"1":5,"2":5,"3":8,"4":3,"5":3},"b":{"0":[0,2],"1":[0,2],"2":[2,1],"3":[2,1],"4":[2,2],"5":[1,1],"6":[2,1],"7":[0,1],"8":[1,0],"9":[4,185],"10":[0,4],"11":[4,2],"12":[15,170],"13":[185,153],"14":[0,3],"15":[3,0],"16":[12,0],"17":[3,0,0,0,0,0,0],"18":[1,2],"19":[3,2],"20":[1,1],"21":[2,1],"22":[3,0],"23":[3,0,0,0,0],"24":[3,0,0,0,0],"25":[3,3,0,0,0],"26":[3,3,3,3],"27":[3,3,3,3],"28":[1,0],"29":[1,1]},"_coverageSchema":"1a1c01bbd47fc00a2c39e90264f33305004495a9","hash":"77c3574c25c9e4c082e9e3462579c58c284378d8"}}}
